{
  "D:/НАСТЯ/Java Script/Stage 3/Components/React_3s/src/components/Footer.tsx": {
    "path": "D:/НАСТЯ/Java Script/Stage 3/Components/React_3s/src/components/Footer.tsx",
    "statementMap": {
      "0": {
        "start": {
          "line": 5,
          "column": 0
        },
        "end": {
          "line": 15,
          "column": 1
        }
      },
      "1": {
        "start": {
          "line": 6,
          "column": 2
        },
        "end": {
          "line": 8,
          "column": 3
        }
      },
      "2": {
        "start": {
          "line": 7,
          "column": 4
        },
        "end": {
          "line": 7,
          "column": 165
        }
      },
      "3": {
        "start": {
          "line": 9,
          "column": 2
        },
        "end": {
          "line": 9,
          "column": 39
        }
      },
      "4": {
        "start": {
          "line": 10,
          "column": 2
        },
        "end": {
          "line": 10,
          "column": 39
        }
      },
      "5": {
        "start": {
          "line": 11,
          "column": 2
        },
        "end": {
          "line": 13,
          "column": 4
        }
      },
      "6": {
        "start": {
          "line": 12,
          "column": 4
        },
        "end": {
          "line": 12,
          "column": 118
        }
      },
      "7": {
        "start": {
          "line": 14,
          "column": 2
        },
        "end": {
          "line": 14,
          "column": 75
        }
      },
      "8": {
        "start": {
          "line": 17,
          "column": 2
        },
        "end": {
          "line": 45,
          "column": 11
        }
      },
      "9": {
        "start": {
          "line": 47,
          "column": 0
        },
        "end": {
          "line": 47,
          "column": 12
        }
      },
      "10": {
        "start": {
          "line": 49,
          "column": 0
        },
        "end": {
          "line": 49,
          "column": 27
        }
      },
      "11": {
        "start": {
          "line": 50,
          "column": 0
        },
        "end": {
          "line": 66,
          "column": 1
        }
      },
      "12": {
        "start": {
          "line": 51,
          "column": 2
        },
        "end": {
          "line": 51,
          "column": 39
        }
      },
      "13": {
        "start": {
          "line": 52,
          "column": 2
        },
        "end": {
          "line": 52,
          "column": 39
        }
      },
      "14": {
        "start": {
          "line": 53,
          "column": 2
        },
        "end": {
          "line": 65,
          "column": 5
        }
      },
      "15": {
        "start": {
          "line": 57,
          "column": 4
        },
        "end": {
          "line": 57,
          "column": 144
        }
      },
      "16": {
        "start": {
          "line": 58,
          "column": 4
        },
        "end": {
          "line": 64,
          "column": 7
        }
      },
      "17": {
        "start": {
          "line": 59,
          "column": 6
        },
        "end": {
          "line": 60,
          "column": 15
        }
      },
      "18": {
        "start": {
          "line": 60,
          "column": 8
        },
        "end": {
          "line": 60,
          "column": 15
        }
      },
      "19": {
        "start": {
          "line": 61,
          "column": 32
        },
        "end": {
          "line": 61,
          "column": 115
        }
      },
      "20": {
        "start": {
          "line": 62,
          "column": 6
        },
        "end": {
          "line": 63,
          "column": 54
        }
      },
      "21": {
        "start": {
          "line": 63,
          "column": 8
        },
        "end": {
          "line": 63,
          "column": 54
        }
      }
    },
    "fnMap": {
      "0": {
        "name": "(anonymous_0)",
        "decl": {
          "start": {
            "line": 11,
            "column": 24
          },
          "end": {
            "line": 11,
            "column": 25
          }
        },
        "loc": {
          "start": {
            "line": 11,
            "column": 38
          },
          "end": {
            "line": 13,
            "column": 3
          }
        },
        "line": 11
      },
      "1": {
        "name": "Footer",
        "decl": {
          "start": {
            "line": 16,
            "column": 24
          },
          "end": {
            "line": 16,
            "column": 30
          }
        },
        "loc": {
          "start": {
            "line": 16,
            "column": 33
          },
          "end": {
            "line": 46,
            "column": 1
          }
        },
        "line": 16
      },
      "2": {
        "name": "(anonymous_2)",
        "decl": {
          "start": {
            "line": 56,
            "column": 9
          },
          "end": {
            "line": 56,
            "column": 10
          }
        },
        "loc": {
          "start": {
            "line": 56,
            "column": 29
          },
          "end": {
            "line": 65,
            "column": 3
          }
        },
        "line": 56
      },
      "3": {
        "name": "(anonymous_3)",
        "decl": {
          "start": {
            "line": 58,
            "column": 27
          },
          "end": {
            "line": 58,
            "column": 28
          }
        },
        "loc": {
          "start": {
            "line": 58,
            "column": 44
          },
          "end": {
            "line": 64,
            "column": 5
          }
        },
        "line": 58
      }
    },
    "branchMap": {
      "0": {
        "loc": {
          "start": {
            "line": 5,
            "column": 0
          },
          "end": {
            "line": 15,
            "column": 1
          }
        },
        "type": "if",
        "locations": [
          {
            "start": {
              "line": 5,
              "column": 0
            },
            "end": {
              "line": 15,
              "column": 1
            }
          },
          {
            "start": {},
            "end": {}
          }
        ],
        "line": 5
      },
      "1": {
        "loc": {
          "start": {
            "line": 6,
            "column": 2
          },
          "end": {
            "line": 8,
            "column": 3
          }
        },
        "type": "if",
        "locations": [
          {
            "start": {
              "line": 6,
              "column": 2
            },
            "end": {
              "line": 8,
              "column": 3
            }
          },
          {
            "start": {},
            "end": {}
          }
        ],
        "line": 6
      },
      "2": {
        "loc": {
          "start": {
            "line": 50,
            "column": 0
          },
          "end": {
            "line": 66,
            "column": 1
          }
        },
        "type": "if",
        "locations": [
          {
            "start": {
              "line": 50,
              "column": 0
            },
            "end": {
              "line": 66,
              "column": 1
            }
          },
          {
            "start": {},
            "end": {}
          }
        ],
        "line": 50
      },
      "3": {
        "loc": {
          "start": {
            "line": 59,
            "column": 6
          },
          "end": {
            "line": 60,
            "column": 15
          }
        },
        "type": "if",
        "locations": [
          {
            "start": {
              "line": 59,
              "column": 6
            },
            "end": {
              "line": 60,
              "column": 15
            }
          },
          {
            "start": {},
            "end": {}
          }
        ],
        "line": 59
      },
      "4": {
        "loc": {
          "start": {
            "line": 62,
            "column": 6
          },
          "end": {
            "line": 63,
            "column": 54
          }
        },
        "type": "if",
        "locations": [
          {
            "start": {
              "line": 62,
              "column": 6
            },
            "end": {
              "line": 63,
              "column": 54
            }
          },
          {
            "start": {},
            "end": {}
          }
        ],
        "line": 62
      }
    },
    "s": {
      "0": 1,
      "1": 1,
      "2": 0,
      "3": 1,
      "4": 1,
      "5": 1,
      "6": 1,
      "7": 1,
      "8": 1,
      "9": 1,
      "10": 1,
      "11": 1,
      "12": 1,
      "13": 1,
      "14": 1,
      "15": 0,
      "16": 0,
      "17": 0,
      "18": 0,
      "19": 0,
      "20": 0,
      "21": 0
    },
    "f": {
      "0": 1,
      "1": 1,
      "2": 0,
      "3": 0
    },
    "b": {
      "0": [
        1,
        0
      ],
      "1": [
        0,
        1
      ],
      "2": [
        1,
        0
      ],
      "3": [
        0,
        0
      ],
      "4": [
        0,
        0
      ]
    },
    "inputSourceMap": {
      "version": 3,
      "mappings": "AAMQ;AANR,OAAOA,oBAAkB;AAAA;AAAA;AAAA;AAAA;AAAA;AAAA;AAAA;AAAA;AAAA;AAAA;AAAA;AAAA;AAAA;AAEzB,wBAAwBC,SAAS;AAC/B,SACE,uBAAC,SAAI,WAAU,UACb,iCAAC,SAAI,WAAU,0BACb;AAAA,2BAAC,OAAE,WAAU,QAAO,qBAApB;AAAA;AAAA;AAAA;AAAA,WAAyB;AAAA,IACzB,uBAAC,OAAE,WAAU,eAAc,MAAK,mCAAkC,4BAAlE;AAAA;AAAA;AAAA;AAAA,WAEA;AAAA,IACA,uBAAC,OAAE,WAAU,iBAAgB,MAAK,qBAChC,iCAAC,SAAI,KAAI,uBAAsB,KAAI,oBAAnC;AAAA;AAAA;AAAA;AAAA,WAAmD,KADrD;AAAA;AAAA;AAAA;AAAA,WAEA;AAAA,OAPF;AAAA;AAAA;AAAA;AAAA,SAQA,KATF;AAAA;AAAA;AAAA;AAAA,SAUA;AAEJ;AAACC,KAduBD;AAAM;AAAAE",
      "names": [
        "React",
        "Footer",
        "_c",
        "$RefreshReg$"
      ],
      "sources": [
        "D:/НАСТЯ/Java Script/Stage 3/Components/React_3s/src/components/Footer.tsx"
      ],
      "file": "D:/НАСТЯ/Java Script/Stage 3/Components/React_3s/src/components/Footer.tsx"
    },
    "_coverageSchema": "1a1c01bbd47fc00a2c39e90264f33305004495a9",
    "hash": "884aef29146d8c360816e002b95db44b9b821247"
  },
  "D:/НАСТЯ/Java Script/Stage 3/Components/React_3s/src/components/Header.tsx": {
    "path": "D:/НАСТЯ/Java Script/Stage 3/Components/React_3s/src/components/Header.tsx",
    "statementMap": {
      "0": {
        "start": {
          "line": 6,
          "column": 4
        },
        "end": {
          "line": 6,
          "column": 17
        }
      },
      "1": {
        "start": {
          "line": 7,
          "column": 4
        },
        "end": {
          "line": 22,
          "column": 6
        }
      },
      "2": {
        "start": {
          "line": 24,
          "column": 12
        },
        "end": {
          "line": 33,
          "column": 3
        }
      },
      "3": {
        "start": {
          "line": 27,
          "column": 8
        },
        "end": {
          "line": 27,
          "column": 13
        }
      },
      "4": {
        "start": {
          "line": 28,
          "column": 4
        },
        "end": {
          "line": 32,
          "column": 5
        }
      },
      "5": {
        "start": {
          "line": 29,
          "column": 6
        },
        "end": {
          "line": 31,
          "column": 9
        }
      },
      "6": {
        "start": {
          "line": 38,
          "column": 8
        },
        "end": {
          "line": 38,
          "column": 18
        }
      },
      "7": {
        "start": {
          "line": 39,
          "column": 4
        },
        "end": {
          "line": 74,
          "column": 13
        }
      },
      "8": {
        "start": {
          "line": 53,
          "column": 115
        },
        "end": {
          "line": 61,
          "column": 14
        }
      }
    },
    "fnMap": {
      "0": {
        "name": "(anonymous_0)",
        "decl": {
          "start": {
            "line": 5,
            "column": 2
          },
          "end": {
            "line": 5,
            "column": 3
          }
        },
        "loc": {
          "start": {
            "line": 5,
            "column": 21
          },
          "end": {
            "line": 23,
            "column": 3
          }
        },
        "line": 5
      },
      "1": {
        "name": "(anonymous_1)",
        "decl": {
          "start": {
            "line": 24,
            "column": 12
          },
          "end": {
            "line": 24,
            "column": 13
          }
        },
        "loc": {
          "start": {
            "line": 24,
            "column": 23
          },
          "end": {
            "line": 33,
            "column": 3
          }
        },
        "line": 24
      },
      "2": {
        "name": "(anonymous_2)",
        "decl": {
          "start": {
            "line": 34,
            "column": 2
          },
          "end": {
            "line": 34,
            "column": 3
          }
        },
        "loc": {
          "start": {
            "line": 34,
            "column": 11
          },
          "end": {
            "line": 75,
            "column": 3
          }
        },
        "line": 34
      },
      "3": {
        "name": "(anonymous_3)",
        "decl": {
          "start": {
            "line": 53,
            "column": 82
          },
          "end": {
            "line": 53,
            "column": 83
          }
        },
        "loc": {
          "start": {
            "line": 53,
            "column": 115
          },
          "end": {
            "line": 61,
            "column": 14
          }
        },
        "line": 53
      }
    },
    "branchMap": {
      "0": {
        "loc": {
          "start": {
            "line": 28,
            "column": 4
          },
          "end": {
            "line": 32,
            "column": 5
          }
        },
        "type": "if",
        "locations": [
          {
            "start": {
              "line": 28,
              "column": 4
            },
            "end": {
              "line": 32,
              "column": 5
            }
          },
          {
            "start": {},
            "end": {}
          }
        ],
        "line": 28
      },
      "1": {
        "loc": {
          "start": {
            "line": 53,
            "column": 248
          },
          "end": {
            "line": 53,
            "column": 291
          }
        },
        "type": "cond-expr",
        "locations": [
          {
            "start": {
              "line": 53,
              "column": 267
            },
            "end": {
              "line": 53,
              "column": 275
            }
          },
          {
            "start": {
              "line": 53,
              "column": 278
            },
            "end": {
              "line": 53,
              "column": 291
            }
          }
        ],
        "line": 53
      }
    },
    "s": {
      "0": 1,
      "1": 1,
      "2": 1,
      "3": 0,
      "4": 0,
      "5": 0,
      "6": 1,
      "7": 1,
      "8": 3
    },
    "f": {
      "0": 1,
      "1": 0,
      "2": 1,
      "3": 3
    },
    "b": {
      "0": [
        0,
        0
      ],
      "1": [
        0,
        3
      ]
    },
    "inputSourceMap": {
      "version": 3,
      "mappings": "AAqCc;AArCd,OAAOA,WAAuC;AAC9C,SAASC,YAAY;AAOrB,MAAMC,eAAeF,MAAMG,UAA+B;AAAA,EACxDC,YAAYC,OAAe;AACzB,UAAMA,KAAK;AACX,SAAKC,QAAQ;AAAA,MACXC,OAAO,CACL;AAAA,QAAEC,IAAI;AAAA,QAAGC,MAAM;AAAA,QAASC,MAAM;AAAA,MAAO,GACrC;AAAA,QAAEF,IAAI;AAAA,QAAGC,MAAM;AAAA,QAAUC,MAAM;AAAA,MAAW,GAC1C;AAAA,QAAEF,IAAI;AAAA,QAAGC,MAAM;AAAA,QAASC,MAAM;AAAA,MAAO,CAAC;AAAA,MAExCC,QAAQ;AAAA,IACV;AAAA,EACF;AAAA,EAEAC,UAAUA,CAACC,UAAmC;AAC5C,UAAM;AAAA,MAAEC;AAAAA,IAAO,IAAID;AACnB,QAAIC,OAAOC,QAAQC,SAAS,MAAM;AAChC,WAAKC,SAAS;AAAA,QACZN,QAAQ,CAACG,OAAOC,QAAQC;AAAAA,MAC1B,CAAC;AAAA,IACH;AAAA,EACF;AAAA,EAEAE,SAAS;AACP,UAAM;AAAA,MAAEX;AAAAA,MAAOI;AAAAA,IAAO,IAAI,KAAKL;AAC/B,WACE,uBAAC,SAAI,WAAU,UACb,iCAAC,SAAI,WAAU,0BACb;AAAA,6BAAC,SAAI,WAAU,eACb,iCAAC,QAAK,IAAG,SACP,iCAAC,SAAI,KAAI,iBAAgB,KAAI,kBAA7B;AAAA;AAAA;AAAA;AAAA,aAA2C,KAD7C;AAAA;AAAA;AAAA;AAAA,aAEA,KAHF;AAAA;AAAA;AAAA;AAAA,aAIA;AAAA,MACA,uBAAC,QAAG,WAAU,cACXC,gBAAMY,IAAI,CAACC,MAAMJ,UAChB,uBAAC,QAAG,WAAU,mBACZ,iCAAC,QACC,IAAII,KAAKX,MACT,cAAYO,OACZ,WAAWA,UAAUL,SAAS,WAAW,eACzC,SAAS,KAAKC,SAEbQ,eAAKV,QANR;AAAA;AAAA;AAAA;AAAA,aAOA,KARmCU,KAAKZ,IAA1C;AAAA;AAAA;AAAA;AAAA,aASA,CACD,KAZH;AAAA;AAAA;AAAA;AAAA,aAaA;AAAA,SAnBF;AAAA;AAAA;AAAA;AAAA,WAoBA,KArBF;AAAA;AAAA;AAAA;AAAA,WAsBA;AAAA,EAEJ;AACF;AAEA,eAAeN",
      "names": [
        "React",
        "Link",
        "Header",
        "Component",
        "constructor",
        "props",
        "state",
        "items",
        "id",
        "path",
        "text",
        "active",
        "onClick",
        "event",
        "target",
        "dataset",
        "index",
        "setState",
        "render",
        "map",
        "item"
      ],
      "sources": [
        "D:/НАСТЯ/Java Script/Stage 3/Components/React_3s/src/components/Header.tsx"
      ],
      "file": "D:/НАСТЯ/Java Script/Stage 3/Components/React_3s/src/components/Header.tsx"
    },
    "_coverageSchema": "1a1c01bbd47fc00a2c39e90264f33305004495a9",
    "hash": "c1ba016553260b3b9c01d974f6e619a01e794c1d"
  },
  "D:/НАСТЯ/Java Script/Stage 3/Components/React_3s/src/components/Layout.tsx": {
    "path": "D:/НАСТЯ/Java Script/Stage 3/Components/React_3s/src/components/Layout.tsx",
    "statementMap": {
      "0": {
        "start": {
          "line": 5,
          "column": 0
        },
        "end": {
          "line": 15,
          "column": 1
        }
      },
      "1": {
        "start": {
          "line": 6,
          "column": 2
        },
        "end": {
          "line": 8,
          "column": 3
        }
      },
      "2": {
        "start": {
          "line": 7,
          "column": 4
        },
        "end": {
          "line": 7,
          "column": 165
        }
      },
      "3": {
        "start": {
          "line": 9,
          "column": 2
        },
        "end": {
          "line": 9,
          "column": 39
        }
      },
      "4": {
        "start": {
          "line": 10,
          "column": 2
        },
        "end": {
          "line": 10,
          "column": 39
        }
      },
      "5": {
        "start": {
          "line": 11,
          "column": 2
        },
        "end": {
          "line": 13,
          "column": 4
        }
      },
      "6": {
        "start": {
          "line": 12,
          "column": 4
        },
        "end": {
          "line": 12,
          "column": 118
        }
      },
      "7": {
        "start": {
          "line": 14,
          "column": 2
        },
        "end": {
          "line": 14,
          "column": 75
        }
      },
      "8": {
        "start": {
          "line": 23,
          "column": 2
        },
        "end": {
          "line": 43,
          "column": 11
        }
      },
      "9": {
        "start": {
          "line": 45,
          "column": 0
        },
        "end": {
          "line": 45,
          "column": 12
        }
      },
      "10": {
        "start": {
          "line": 47,
          "column": 0
        },
        "end": {
          "line": 47,
          "column": 27
        }
      },
      "11": {
        "start": {
          "line": 48,
          "column": 0
        },
        "end": {
          "line": 64,
          "column": 1
        }
      },
      "12": {
        "start": {
          "line": 49,
          "column": 2
        },
        "end": {
          "line": 49,
          "column": 39
        }
      },
      "13": {
        "start": {
          "line": 50,
          "column": 2
        },
        "end": {
          "line": 50,
          "column": 39
        }
      },
      "14": {
        "start": {
          "line": 51,
          "column": 2
        },
        "end": {
          "line": 63,
          "column": 5
        }
      },
      "15": {
        "start": {
          "line": 55,
          "column": 4
        },
        "end": {
          "line": 55,
          "column": 144
        }
      },
      "16": {
        "start": {
          "line": 56,
          "column": 4
        },
        "end": {
          "line": 62,
          "column": 7
        }
      },
      "17": {
        "start": {
          "line": 57,
          "column": 6
        },
        "end": {
          "line": 58,
          "column": 15
        }
      },
      "18": {
        "start": {
          "line": 58,
          "column": 8
        },
        "end": {
          "line": 58,
          "column": 15
        }
      },
      "19": {
        "start": {
          "line": 59,
          "column": 32
        },
        "end": {
          "line": 59,
          "column": 115
        }
      },
      "20": {
        "start": {
          "line": 60,
          "column": 6
        },
        "end": {
          "line": 61,
          "column": 54
        }
      },
      "21": {
        "start": {
          "line": 61,
          "column": 8
        },
        "end": {
          "line": 61,
          "column": 54
        }
      }
    },
    "fnMap": {
      "0": {
        "name": "(anonymous_0)",
        "decl": {
          "start": {
            "line": 11,
            "column": 24
          },
          "end": {
            "line": 11,
            "column": 25
          }
        },
        "loc": {
          "start": {
            "line": 11,
            "column": 38
          },
          "end": {
            "line": 13,
            "column": 3
          }
        },
        "line": 11
      },
      "1": {
        "name": "Layout",
        "decl": {
          "start": {
            "line": 22,
            "column": 24
          },
          "end": {
            "line": 22,
            "column": 30
          }
        },
        "loc": {
          "start": {
            "line": 22,
            "column": 33
          },
          "end": {
            "line": 44,
            "column": 1
          }
        },
        "line": 22
      },
      "2": {
        "name": "(anonymous_2)",
        "decl": {
          "start": {
            "line": 54,
            "column": 9
          },
          "end": {
            "line": 54,
            "column": 10
          }
        },
        "loc": {
          "start": {
            "line": 54,
            "column": 29
          },
          "end": {
            "line": 63,
            "column": 3
          }
        },
        "line": 54
      },
      "3": {
        "name": "(anonymous_3)",
        "decl": {
          "start": {
            "line": 56,
            "column": 27
          },
          "end": {
            "line": 56,
            "column": 28
          }
        },
        "loc": {
          "start": {
            "line": 56,
            "column": 44
          },
          "end": {
            "line": 62,
            "column": 5
          }
        },
        "line": 56
      }
    },
    "branchMap": {
      "0": {
        "loc": {
          "start": {
            "line": 5,
            "column": 0
          },
          "end": {
            "line": 15,
            "column": 1
          }
        },
        "type": "if",
        "locations": [
          {
            "start": {
              "line": 5,
              "column": 0
            },
            "end": {
              "line": 15,
              "column": 1
            }
          },
          {
            "start": {},
            "end": {}
          }
        ],
        "line": 5
      },
      "1": {
        "loc": {
          "start": {
            "line": 6,
            "column": 2
          },
          "end": {
            "line": 8,
            "column": 3
          }
        },
        "type": "if",
        "locations": [
          {
            "start": {
              "line": 6,
              "column": 2
            },
            "end": {
              "line": 8,
              "column": 3
            }
          },
          {
            "start": {},
            "end": {}
          }
        ],
        "line": 6
      },
      "2": {
        "loc": {
          "start": {
            "line": 48,
            "column": 0
          },
          "end": {
            "line": 64,
            "column": 1
          }
        },
        "type": "if",
        "locations": [
          {
            "start": {
              "line": 48,
              "column": 0
            },
            "end": {
              "line": 64,
              "column": 1
            }
          },
          {
            "start": {},
            "end": {}
          }
        ],
        "line": 48
      },
      "3": {
        "loc": {
          "start": {
            "line": 57,
            "column": 6
          },
          "end": {
            "line": 58,
            "column": 15
          }
        },
        "type": "if",
        "locations": [
          {
            "start": {
              "line": 57,
              "column": 6
            },
            "end": {
              "line": 58,
              "column": 15
            }
          },
          {
            "start": {},
            "end": {}
          }
        ],
        "line": 57
      },
      "4": {
        "loc": {
          "start": {
            "line": 60,
            "column": 6
          },
          "end": {
            "line": 61,
            "column": 54
          }
        },
        "type": "if",
        "locations": [
          {
            "start": {
              "line": 60,
              "column": 6
            },
            "end": {
              "line": 61,
              "column": 54
            }
          },
          {
            "start": {},
            "end": {}
          }
        ],
        "line": 60
      }
    },
    "s": {
      "0": 1,
      "1": 1,
      "2": 0,
      "3": 1,
      "4": 1,
      "5": 1,
      "6": 1,
      "7": 1,
      "8": 1,
      "9": 1,
      "10": 1,
      "11": 1,
      "12": 1,
      "13": 1,
      "14": 1,
      "15": 1,
      "16": 1,
      "17": 0,
      "18": 0,
      "19": 0,
      "20": 0,
      "21": 0
    },
    "f": {
      "0": 1,
      "1": 1,
      "2": 1,
      "3": 0
    },
    "b": {
      "0": [
        1,
        0
      ],
      "1": [
        0,
        1
      ],
      "2": [
        1,
        0
      ],
      "3": [
        0,
        0
      ],
      "4": [
        0,
        0
      ]
    },
    "inputSourceMap": {
      "version": 3,
      "mappings": "AAUI,mBACE,cADF;AAVJ,OAAOA,oBAAkB;AAAA;AAAA;AAAA;AAAA;AAAA;AAAA;AAAA;AAAA;AAAA;AAAA;AAAA;AAAA;AAAA;AACzB,SAASC,cAAc;AACvB,OAAOC,YAAY;AACnB,OAAOC,YAAY;AACnB,OAAO;AACP,OAAO;AACP,OAAO;AAEP,wBAAwBC,SAAS;AAC/B,SACE,mCACE;AAAA,2BAAC,YAAD;AAAA;AAAA;AAAA;AAAA,WAAO;AAAA,IACP,uBAAC,YAAD;AAAA;AAAA;AAAA;AAAA,WAAO;AAAA,IACP,uBAAC,YAAD;AAAA;AAAA;AAAA;AAAA,WAAO;AAAA,OAHT;AAAA;AAAA;AAAA;AAAA,SAIA;AAEJ;AAACC,KARuBD;AAAM;AAAAE",
      "names": [
        "React",
        "Outlet",
        "Footer",
        "Header",
        "Layout",
        "_c",
        "$RefreshReg$"
      ],
      "sources": [
        "D:/НАСТЯ/Java Script/Stage 3/Components/React_3s/src/components/Layout.tsx"
      ],
      "file": "D:/НАСТЯ/Java Script/Stage 3/Components/React_3s/src/components/Layout.tsx"
    },
    "_coverageSchema": "1a1c01bbd47fc00a2c39e90264f33305004495a9",
    "hash": "c8ce17aa21f6e91674424c1d7fde814a9aab0f6b"
  },
  "D:/НАСТЯ/Java Script/Stage 3/Components/React_3s/src/pages/ErrorPage.tsx": {
    "path": "D:/НАСТЯ/Java Script/Stage 3/Components/React_3s/src/pages/ErrorPage.tsx",
    "statementMap": {
      "0": {
        "start": {
          "line": 5,
          "column": 0
        },
        "end": {
          "line": 15,
          "column": 1
        }
      },
      "1": {
        "start": {
          "line": 6,
          "column": 2
        },
        "end": {
          "line": 8,
          "column": 3
        }
      },
      "2": {
        "start": {
          "line": 7,
          "column": 4
        },
        "end": {
          "line": 7,
          "column": 165
        }
      },
      "3": {
        "start": {
          "line": 9,
          "column": 2
        },
        "end": {
          "line": 9,
          "column": 39
        }
      },
      "4": {
        "start": {
          "line": 10,
          "column": 2
        },
        "end": {
          "line": 10,
          "column": 39
        }
      },
      "5": {
        "start": {
          "line": 11,
          "column": 2
        },
        "end": {
          "line": 13,
          "column": 4
        }
      },
      "6": {
        "start": {
          "line": 12,
          "column": 4
        },
        "end": {
          "line": 12,
          "column": 116
        }
      },
      "7": {
        "start": {
          "line": 14,
          "column": 2
        },
        "end": {
          "line": 14,
          "column": 75
        }
      },
      "8": {
        "start": {
          "line": 17,
          "column": 2
        },
        "end": {
          "line": 29,
          "column": 11
        }
      },
      "9": {
        "start": {
          "line": 31,
          "column": 0
        },
        "end": {
          "line": 31,
          "column": 15
        }
      },
      "10": {
        "start": {
          "line": 33,
          "column": 0
        },
        "end": {
          "line": 33,
          "column": 30
        }
      },
      "11": {
        "start": {
          "line": 34,
          "column": 0
        },
        "end": {
          "line": 50,
          "column": 1
        }
      },
      "12": {
        "start": {
          "line": 35,
          "column": 2
        },
        "end": {
          "line": 35,
          "column": 39
        }
      },
      "13": {
        "start": {
          "line": 36,
          "column": 2
        },
        "end": {
          "line": 36,
          "column": 39
        }
      },
      "14": {
        "start": {
          "line": 37,
          "column": 2
        },
        "end": {
          "line": 49,
          "column": 5
        }
      },
      "15": {
        "start": {
          "line": 41,
          "column": 4
        },
        "end": {
          "line": 41,
          "column": 142
        }
      },
      "16": {
        "start": {
          "line": 42,
          "column": 4
        },
        "end": {
          "line": 48,
          "column": 7
        }
      },
      "17": {
        "start": {
          "line": 43,
          "column": 6
        },
        "end": {
          "line": 44,
          "column": 15
        }
      },
      "18": {
        "start": {
          "line": 44,
          "column": 8
        },
        "end": {
          "line": 44,
          "column": 15
        }
      },
      "19": {
        "start": {
          "line": 45,
          "column": 32
        },
        "end": {
          "line": 45,
          "column": 115
        }
      },
      "20": {
        "start": {
          "line": 46,
          "column": 6
        },
        "end": {
          "line": 47,
          "column": 54
        }
      },
      "21": {
        "start": {
          "line": 47,
          "column": 8
        },
        "end": {
          "line": 47,
          "column": 54
        }
      }
    },
    "fnMap": {
      "0": {
        "name": "(anonymous_0)",
        "decl": {
          "start": {
            "line": 11,
            "column": 24
          },
          "end": {
            "line": 11,
            "column": 25
          }
        },
        "loc": {
          "start": {
            "line": 11,
            "column": 38
          },
          "end": {
            "line": 13,
            "column": 3
          }
        },
        "line": 11
      },
      "1": {
        "name": "ErrorPage",
        "decl": {
          "start": {
            "line": 16,
            "column": 24
          },
          "end": {
            "line": 16,
            "column": 33
          }
        },
        "loc": {
          "start": {
            "line": 16,
            "column": 36
          },
          "end": {
            "line": 30,
            "column": 1
          }
        },
        "line": 16
      },
      "2": {
        "name": "(anonymous_2)",
        "decl": {
          "start": {
            "line": 40,
            "column": 9
          },
          "end": {
            "line": 40,
            "column": 10
          }
        },
        "loc": {
          "start": {
            "line": 40,
            "column": 29
          },
          "end": {
            "line": 49,
            "column": 3
          }
        },
        "line": 40
      },
      "3": {
        "name": "(anonymous_3)",
        "decl": {
          "start": {
            "line": 42,
            "column": 27
          },
          "end": {
            "line": 42,
            "column": 28
          }
        },
        "loc": {
          "start": {
            "line": 42,
            "column": 44
          },
          "end": {
            "line": 48,
            "column": 5
          }
        },
        "line": 42
      }
    },
    "branchMap": {
      "0": {
        "loc": {
          "start": {
            "line": 5,
            "column": 0
          },
          "end": {
            "line": 15,
            "column": 1
          }
        },
        "type": "if",
        "locations": [
          {
            "start": {
              "line": 5,
              "column": 0
            },
            "end": {
              "line": 15,
              "column": 1
            }
          },
          {
            "start": {},
            "end": {}
          }
        ],
        "line": 5
      },
      "1": {
        "loc": {
          "start": {
            "line": 6,
            "column": 2
          },
          "end": {
            "line": 8,
            "column": 3
          }
        },
        "type": "if",
        "locations": [
          {
            "start": {
              "line": 6,
              "column": 2
            },
            "end": {
              "line": 8,
              "column": 3
            }
          },
          {
            "start": {},
            "end": {}
          }
        ],
        "line": 6
      },
      "2": {
        "loc": {
          "start": {
            "line": 34,
            "column": 0
          },
          "end": {
            "line": 50,
            "column": 1
          }
        },
        "type": "if",
        "locations": [
          {
            "start": {
              "line": 34,
              "column": 0
            },
            "end": {
              "line": 50,
              "column": 1
            }
          },
          {
            "start": {},
            "end": {}
          }
        ],
        "line": 34
      },
      "3": {
        "loc": {
          "start": {
            "line": 43,
            "column": 6
          },
          "end": {
            "line": 44,
            "column": 15
          }
        },
        "type": "if",
        "locations": [
          {
            "start": {
              "line": 43,
              "column": 6
            },
            "end": {
              "line": 44,
              "column": 15
            }
          },
          {
            "start": {},
            "end": {}
          }
        ],
        "line": 43
      },
      "4": {
        "loc": {
          "start": {
            "line": 46,
            "column": 6
          },
          "end": {
            "line": 47,
            "column": 54
          }
        },
        "type": "if",
        "locations": [
          {
            "start": {
              "line": 46,
              "column": 6
            },
            "end": {
              "line": 47,
              "column": 54
            }
          },
          {
            "start": {},
            "end": {}
          }
        ],
        "line": 46
      }
    },
    "s": {
      "0": 1,
      "1": 1,
      "2": 0,
      "3": 1,
      "4": 1,
      "5": 1,
      "6": 1,
      "7": 1,
      "8": 0,
      "9": 1,
      "10": 1,
      "11": 1,
      "12": 1,
      "13": 1,
      "14": 1,
      "15": 0,
      "16": 0,
      "17": 0,
      "18": 0,
      "19": 0,
      "20": 0,
      "21": 0
    },
    "f": {
      "0": 1,
      "1": 0,
      "2": 0,
      "3": 0
    },
    "b": {
      "0": [
        1,
        0
      ],
      "1": [
        0,
        1
      ],
      "2": [
        1,
        0
      ],
      "3": [
        0,
        0
      ],
      "4": [
        0,
        0
      ]
    },
    "inputSourceMap": {
      "version": 3,
      "mappings": "AAMQ;AANR,OAAOA,oBAAkB;AAAA;AAAA;AAAA;AAAA;AAAA;AAAA;AAAA;AAAA;AAAA;AAAA;AAAA;AAAA;AAAA;AAEzB,wBAAwBC,YAAY;AAClC,SACE,uBAAC,SAAI,WAAU,OACb,iCAAC,SAAI,WAAU,WACb,iCAAC,QAAG,WAAU,cAAa,8BAA3B;AAAA;AAAA;AAAA;AAAA,SAAyC,KAD3C;AAAA;AAAA;AAAA;AAAA,SAEA,KAHF;AAAA;AAAA;AAAA;AAAA,SAIA;AAEJ;AAACC,KARuBD;AAAS;AAAAE",
      "names": [
        "React",
        "ErrorPage",
        "_c",
        "$RefreshReg$"
      ],
      "sources": [
        "D:/НАСТЯ/Java Script/Stage 3/Components/React_3s/src/pages/ErrorPage.tsx"
      ],
      "file": "D:/НАСТЯ/Java Script/Stage 3/Components/React_3s/src/pages/ErrorPage.tsx"
    },
    "_coverageSchema": "1a1c01bbd47fc00a2c39e90264f33305004495a9",
    "hash": "01e82a516a47ee7cd0c268847975fbe4cdea1269"
  },
  "D:/НАСТЯ/Java Script/Stage 3/Components/React_3s/src/redux/ImageSlice.tsx": {
    "path": "D:/НАСТЯ/Java Script/Stage 3/Components/React_3s/src/redux/ImageSlice.tsx",
    "statementMap": {
      "0": {
        "start": {
          "line": 2,
          "column": 19
        },
        "end": {
          "line": 12,
          "column": 2
        }
      },
      "1": {
        "start": {
          "line": 9,
          "column": 6
        },
        "end": {
          "line": 9,
          "column": 36
        }
      },
      "2": {
        "start": {
          "line": 15,
          "column": 4
        },
        "end": {
          "line": 15,
          "column": 22
        }
      }
    },
    "fnMap": {
      "0": {
        "name": "(anonymous_0)",
        "decl": {
          "start": {
            "line": 8,
            "column": 4
          },
          "end": {
            "line": 8,
            "column": 5
          }
        },
        "loc": {
          "start": {
            "line": 8,
            "column": 29
          },
          "end": {
            "line": 10,
            "column": 5
          }
        },
        "line": 8
      }
    },
    "branchMap": {},
    "s": {
      "0": 1,
      "1": 0,
      "2": 1
    },
    "f": {
      "0": 0
    },
    "b": {},
    "inputSourceMap": {
      "version": 3,
      "mappings": "AAAA,SAA6BA,mBAAmB;AAEhD,MAAMC,aAAaD,YAAY;AAAA,EAC7BE,MAAM;AAAA,EACNC,cAAc;AAAA,IACZC,QAAQ;AAAA,EACV;AAAA,EACAC,UAAU;AAAA,IACRC,UAAUC,OAAOC,QAA+B;AAC9CD,YAAMH,SAASI,OAAOC;AAAAA,IACxB;AAAA,EACF;AACF,CAAC;AAEM,aAAM;AAAA,EAAEH;AAAU,IAAIL,WAAWS;AAExC,eAAeT,WAAWU",
      "names": [
        "createSlice",
        "imageSlice",
        "name",
        "initialState",
        "search",
        "reducers",
        "setSearch",
        "state",
        "action",
        "payload",
        "actions",
        "reducer"
      ],
      "sources": [
        "D:/НАСТЯ/Java Script/Stage 3/Components/React_3s/src/redux/ImageSlice.tsx"
      ],
      "file": "D:/НАСТЯ/Java Script/Stage 3/Components/React_3s/src/redux/ImageSlice.tsx"
    },
    "_coverageSchema": "1a1c01bbd47fc00a2c39e90264f33305004495a9",
    "hash": "a985cdb8e8468f03b987ba7c56955de30e1c5242"
  },
  "D:/НАСТЯ/Java Script/Stage 3/Components/React_3s/src/components/SearchBar.tsx": {
    "path": "D:/НАСТЯ/Java Script/Stage 3/Components/React_3s/src/components/SearchBar.tsx",
    "statementMap": {
      "0": {
        "start": {
          "line": 5,
          "column": 0
        },
        "end": {
          "line": 15,
          "column": 1
        }
      },
      "1": {
        "start": {
          "line": 6,
          "column": 2
        },
        "end": {
          "line": 8,
          "column": 3
        }
      },
      "2": {
        "start": {
          "line": 7,
          "column": 4
        },
        "end": {
          "line": 7,
          "column": 165
        }
      },
      "3": {
        "start": {
          "line": 9,
          "column": 2
        },
        "end": {
          "line": 9,
          "column": 39
        }
      },
      "4": {
        "start": {
          "line": 10,
          "column": 2
        },
        "end": {
          "line": 10,
          "column": 39
        }
      },
      "5": {
        "start": {
          "line": 11,
          "column": 2
        },
        "end": {
          "line": 13,
          "column": 4
        }
      },
      "6": {
        "start": {
          "line": 12,
          "column": 4
        },
        "end": {
          "line": 12,
          "column": 121
        }
      },
      "7": {
        "start": {
          "line": 14,
          "column": 2
        },
        "end": {
          "line": 14,
          "column": 75
        }
      },
      "8": {
        "start": {
          "line": 16,
          "column": 9
        },
        "end": {
          "line": 16,
          "column": 23
        }
      },
      "9": {
        "start": {
          "line": 20,
          "column": 18
        },
        "end": {
          "line": 48,
          "column": 1
        }
      },
      "10": {
        "start": {
          "line": 21,
          "column": 2
        },
        "end": {
          "line": 21,
          "column": 7
        }
      },
      "11": {
        "start": {
          "line": 24,
          "column": 6
        },
        "end": {
          "line": 24,
          "column": 42
        }
      },
      "12": {
        "start": {
          "line": 24,
          "column": 29
        },
        "end": {
          "line": 24,
          "column": 41
        }
      },
      "13": {
        "start": {
          "line": 25,
          "column": 28
        },
        "end": {
          "line": 25,
          "column": 44
        }
      },
      "14": {
        "start": {
          "line": 26,
          "column": 19
        },
        "end": {
          "line": 26,
          "column": 32
        }
      },
      "15": {
        "start": {
          "line": 27,
          "column": 24
        },
        "end": {
          "line": 31,
          "column": 3
        }
      },
      "16": {
        "start": {
          "line": 28,
          "column": 4
        },
        "end": {
          "line": 30,
          "column": 5
        }
      },
      "17": {
        "start": {
          "line": 29,
          "column": 6
        },
        "end": {
          "line": 29,
          "column": 33
        }
      },
      "18": {
        "start": {
          "line": 32,
          "column": 22
        },
        "end": {
          "line": 34,
          "column": 3
        }
      },
      "19": {
        "start": {
          "line": 33,
          "column": 4
        },
        "end": {
          "line": 33,
          "column": 40
        }
      },
      "20": {
        "start": {
          "line": 35,
          "column": 2
        },
        "end": {
          "line": 47,
          "column": 11
        }
      },
      "21": {
        "start": {
          "line": 36,
          "column": 4
        },
        "end": {
          "line": 36,
          "column": 23
        }
      },
      "22": {
        "start": {
          "line": 38,
          "column": 4
        },
        "end": {
          "line": 38,
          "column": 25
        }
      },
      "23": {
        "start": {
          "line": 49,
          "column": 0
        },
        "end": {
          "line": 51,
          "column": 3
        }
      },
      "24": {
        "start": {
          "line": 50,
          "column": 2
        },
        "end": {
          "line": 50,
          "column": 36
        }
      },
      "25": {
        "start": {
          "line": 52,
          "column": 0
        },
        "end": {
          "line": 52,
          "column": 15
        }
      },
      "26": {
        "start": {
          "line": 55,
          "column": 0
        },
        "end": {
          "line": 55,
          "column": 30
        }
      },
      "27": {
        "start": {
          "line": 56,
          "column": 0
        },
        "end": {
          "line": 72,
          "column": 1
        }
      },
      "28": {
        "start": {
          "line": 57,
          "column": 2
        },
        "end": {
          "line": 57,
          "column": 39
        }
      },
      "29": {
        "start": {
          "line": 58,
          "column": 2
        },
        "end": {
          "line": 58,
          "column": 39
        }
      },
      "30": {
        "start": {
          "line": 59,
          "column": 2
        },
        "end": {
          "line": 71,
          "column": 5
        }
      },
      "31": {
        "start": {
          "line": 63,
          "column": 4
        },
        "end": {
          "line": 63,
          "column": 147
        }
      },
      "32": {
        "start": {
          "line": 64,
          "column": 4
        },
        "end": {
          "line": 70,
          "column": 7
        }
      },
      "33": {
        "start": {
          "line": 65,
          "column": 6
        },
        "end": {
          "line": 66,
          "column": 15
        }
      },
      "34": {
        "start": {
          "line": 66,
          "column": 8
        },
        "end": {
          "line": 66,
          "column": 15
        }
      },
      "35": {
        "start": {
          "line": 67,
          "column": 32
        },
        "end": {
          "line": 67,
          "column": 115
        }
      },
      "36": {
        "start": {
          "line": 68,
          "column": 6
        },
        "end": {
          "line": 69,
          "column": 54
        }
      },
      "37": {
        "start": {
          "line": 69,
          "column": 8
        },
        "end": {
          "line": 69,
          "column": 54
        }
      }
    },
    "fnMap": {
      "0": {
        "name": "(anonymous_0)",
        "decl": {
          "start": {
            "line": 11,
            "column": 24
          },
          "end": {
            "line": 11,
            "column": 25
          }
        },
        "loc": {
          "start": {
            "line": 11,
            "column": 38
          },
          "end": {
            "line": 13,
            "column": 3
          }
        },
        "line": 11
      },
      "1": {
        "name": "(anonymous_1)",
        "decl": {
          "start": {
            "line": 20,
            "column": 18
          },
          "end": {
            "line": 20,
            "column": 19
          }
        },
        "loc": {
          "start": {
            "line": 20,
            "column": 24
          },
          "end": {
            "line": 48,
            "column": 1
          }
        },
        "line": 20
      },
      "2": {
        "name": "(anonymous_2)",
        "decl": {
          "start": {
            "line": 24,
            "column": 18
          },
          "end": {
            "line": 24,
            "column": 19
          }
        },
        "loc": {
          "start": {
            "line": 24,
            "column": 29
          },
          "end": {
            "line": 24,
            "column": 41
          }
        },
        "line": 24
      },
      "3": {
        "name": "(anonymous_3)",
        "decl": {
          "start": {
            "line": 27,
            "column": 24
          },
          "end": {
            "line": 27,
            "column": 25
          }
        },
        "loc": {
          "start": {
            "line": 27,
            "column": 35
          },
          "end": {
            "line": 31,
            "column": 3
          }
        },
        "line": 27
      },
      "4": {
        "name": "(anonymous_4)",
        "decl": {
          "start": {
            "line": 32,
            "column": 22
          },
          "end": {
            "line": 32,
            "column": 23
          }
        },
        "loc": {
          "start": {
            "line": 32,
            "column": 33
          },
          "end": {
            "line": 34,
            "column": 3
          }
        },
        "line": 32
      },
      "5": {
        "name": "(anonymous_5)",
        "decl": {
          "start": {
            "line": 35,
            "column": 156
          },
          "end": {
            "line": 35,
            "column": 157
          }
        },
        "loc": {
          "start": {
            "line": 35,
            "column": 167
          },
          "end": {
            "line": 37,
            "column": 3
          }
        },
        "line": 35
      },
      "6": {
        "name": "(anonymous_6)",
        "decl": {
          "start": {
            "line": 37,
            "column": 16
          },
          "end": {
            "line": 37,
            "column": 17
          }
        },
        "loc": {
          "start": {
            "line": 37,
            "column": 27
          },
          "end": {
            "line": 39,
            "column": 3
          }
        },
        "line": 37
      },
      "7": {
        "name": "(anonymous_7)",
        "decl": {
          "start": {
            "line": 49,
            "column": 53
          },
          "end": {
            "line": 49,
            "column": 54
          }
        },
        "loc": {
          "start": {
            "line": 49,
            "column": 64
          },
          "end": {
            "line": 51,
            "column": 1
          }
        },
        "line": 49
      },
      "8": {
        "name": "(anonymous_8)",
        "decl": {
          "start": {
            "line": 62,
            "column": 9
          },
          "end": {
            "line": 62,
            "column": 10
          }
        },
        "loc": {
          "start": {
            "line": 62,
            "column": 29
          },
          "end": {
            "line": 71,
            "column": 3
          }
        },
        "line": 62
      },
      "9": {
        "name": "(anonymous_9)",
        "decl": {
          "start": {
            "line": 64,
            "column": 27
          },
          "end": {
            "line": 64,
            "column": 28
          }
        },
        "loc": {
          "start": {
            "line": 64,
            "column": 44
          },
          "end": {
            "line": 70,
            "column": 5
          }
        },
        "line": 64
      }
    },
    "branchMap": {
      "0": {
        "loc": {
          "start": {
            "line": 5,
            "column": 0
          },
          "end": {
            "line": 15,
            "column": 1
          }
        },
        "type": "if",
        "locations": [
          {
            "start": {
              "line": 5,
              "column": 0
            },
            "end": {
              "line": 15,
              "column": 1
            }
          },
          {
            "start": {},
            "end": {}
          }
        ],
        "line": 5
      },
      "1": {
        "loc": {
          "start": {
            "line": 6,
            "column": 2
          },
          "end": {
            "line": 8,
            "column": 3
          }
        },
        "type": "if",
        "locations": [
          {
            "start": {
              "line": 6,
              "column": 2
            },
            "end": {
              "line": 8,
              "column": 3
            }
          },
          {
            "start": {},
            "end": {}
          }
        ],
        "line": 6
      },
      "2": {
        "loc": {
          "start": {
            "line": 28,
            "column": 4
          },
          "end": {
            "line": 30,
            "column": 5
          }
        },
        "type": "if",
        "locations": [
          {
            "start": {
              "line": 28,
              "column": 4
            },
            "end": {
              "line": 30,
              "column": 5
            }
          },
          {
            "start": {},
            "end": {}
          }
        ],
        "line": 28
      },
      "3": {
        "loc": {
          "start": {
            "line": 56,
            "column": 0
          },
          "end": {
            "line": 72,
            "column": 1
          }
        },
        "type": "if",
        "locations": [
          {
            "start": {
              "line": 56,
              "column": 0
            },
            "end": {
              "line": 72,
              "column": 1
            }
          },
          {
            "start": {},
            "end": {}
          }
        ],
        "line": 56
      },
      "4": {
        "loc": {
          "start": {
            "line": 65,
            "column": 6
          },
          "end": {
            "line": 66,
            "column": 15
          }
        },
        "type": "if",
        "locations": [
          {
            "start": {
              "line": 65,
              "column": 6
            },
            "end": {
              "line": 66,
              "column": 15
            }
          },
          {
            "start": {},
            "end": {}
          }
        ],
        "line": 65
      },
      "5": {
        "loc": {
          "start": {
            "line": 68,
            "column": 6
          },
          "end": {
            "line": 69,
            "column": 54
          }
        },
        "type": "if",
        "locations": [
          {
            "start": {
              "line": 68,
              "column": 6
            },
            "end": {
              "line": 69,
              "column": 54
            }
          },
          {
            "start": {},
            "end": {}
          }
        ],
        "line": 68
      }
    },
    "s": {
      "0": 1,
      "1": 1,
      "2": 0,
      "3": 1,
      "4": 1,
      "5": 1,
      "6": 1,
      "7": 1,
      "8": 1,
      "9": 1,
      "10": 0,
      "11": 0,
      "12": 0,
      "13": 0,
      "14": 0,
      "15": 0,
      "16": 0,
      "17": 0,
      "18": 0,
      "19": 0,
      "20": 0,
      "21": 0,
      "22": 0,
      "23": 1,
      "24": 0,
      "25": 1,
      "26": 1,
      "27": 1,
      "28": 1,
      "29": 1,
      "30": 1,
      "31": 0,
      "32": 0,
      "33": 0,
      "34": 0,
      "35": 0,
      "36": 0,
      "37": 0
    },
    "f": {
      "0": 1,
      "1": 0,
      "2": 0,
      "3": 0,
      "4": 0,
      "5": 0,
      "6": 0,
      "7": 0,
      "8": 0,
      "9": 0
    },
    "b": {
      "0": [
        1,
        0
      ],
      "1": [
        0,
        1
      ],
      "2": [
        0,
        0
      ],
      "3": [
        1,
        0
      ],
      "4": [
        0,
        0
      ],
      "5": [
        0,
        0
      ]
    },
    "inputSourceMap": {
      "version": 3,
      "mappings": "AAsBM;;;;;;;;;;;;;;;;AAtBN,SAAgBA,gBAAgB;AAChC,SAASC,aAAaC,mBAAmB;AACzC,SAASC,iBAAiB;AAG1B,MAAMC,YAAYA,MAAM;AAAAC;AACtB,QAAM;AAAA,IAAEC;AAAAA,EAAO,IAAIL,YAAY,CAACM,UAAqBA,MAAMC,MAAM;AACjE,QAAM,CAACC,OAAOC,QAAQ,IAAIV,SAAiBM,MAAM;AACjD,QAAMK,WAAWT,YAAW;AAE5B,QAAMU,gBAAgBA,CAACC,UAAiD;AACtE,QAAIA,MAAMC,QAAQ,SAAS;AACzBH,eAASR,UAAUM,KAAK,CAAC;AAAA,IAC3B;AAAA,EACF;AAEA,QAAMM,cAAcA,CAACF,UAA6C;AAChEH,aAASG,MAAMG,cAAcP,KAAK;AAAA,EACpC;AAEA,SACE,uBAAC,SAAI,WAAU,cAAa,MAAK,UAC/B,iCAAC,WACC,OACA,MAAK,QACL,SAAUI,WAAU;AAClBE,gBAAYF,KAAK;AAAA,EACnB,GACA,WAAYA,WAAU;AACpBD,kBAAcC,KAAK;AAAA,EACrB,GACA,MAAK,gBACL,WAAU,gBACV,MAAK,eACL,aAAY,+BAZd;AAAA;AAAA;AAAA;AAAA,SAYyC,KAb3C;AAAA;AAAA;AAAA;AAAA,SAeA;AAEJ;AAAER,GAjCID,WAAS;AAAA,UACMH,aAEFC,WAAW;AAAA;AAAAe,KAHxBb;AAmCN,eAAeA;AAAU;AAAAc",
      "names": [
        "useState",
        "useSelector",
        "useDispatch",
        "setSearch",
        "SearchBar",
        "_s",
        "search",
        "state",
        "images",
        "value",
        "setValue",
        "dispatch",
        "handleKeyDown",
        "event",
        "key",
        "handleInput",
        "currentTarget",
        "_c",
        "$RefreshReg$"
      ],
      "sources": [
        "D:/НАСТЯ/Java Script/Stage 3/Components/React_3s/src/components/SearchBar.tsx"
      ],
      "file": "D:/НАСТЯ/Java Script/Stage 3/Components/React_3s/src/components/SearchBar.tsx"
    },
    "_coverageSchema": "1a1c01bbd47fc00a2c39e90264f33305004495a9",
    "hash": "f0fb8069dcfbd79223291704af8a24afef1eff02"
  },
  "D:/НАСТЯ/Java Script/Stage 3/Components/React_3s/src/services/api.tsx": {
    "path": "D:/НАСТЯ/Java Script/Stage 3/Components/React_3s/src/services/api.tsx",
    "statementMap": {
      "0": {
        "start": {
          "line": 2,
          "column": 16
        },
        "end": {
          "line": 2,
          "column": 42
        }
      },
      "1": {
        "start": {
          "line": 3,
          "column": 15
        },
        "end": {
          "line": 3,
          "column": 63
        }
      },
      "2": {
        "start": {
          "line": 4,
          "column": 27
        },
        "end": {
          "line": 17,
          "column": 2
        }
      },
      "3": {
        "start": {
          "line": 9,
          "column": 27
        },
        "end": {
          "line": 16,
          "column": 3
        }
      },
      "4": {
        "start": {
          "line": 11,
          "column": 24
        },
        "end": {
          "line": 11,
          "column": 193
        }
      },
      "5": {
        "start": {
          "line": 14,
          "column": 21
        },
        "end": {
          "line": 14,
          "column": 63
        }
      },
      "6": {
        "start": {
          "line": 21,
          "column": 4
        },
        "end": {
          "line": 21,
          "column": 15
        }
      }
    },
    "fnMap": {
      "0": {
        "name": "(anonymous_0)",
        "decl": {
          "start": {
            "line": 9,
            "column": 13
          },
          "end": {
            "line": 9,
            "column": 14
          }
        },
        "loc": {
          "start": {
            "line": 9,
            "column": 27
          },
          "end": {
            "line": 16,
            "column": 3
          }
        },
        "line": 9
      },
      "1": {
        "name": "(anonymous_1)",
        "decl": {
          "start": {
            "line": 11,
            "column": 13
          },
          "end": {
            "line": 11,
            "column": 14
          }
        },
        "loc": {
          "start": {
            "line": 11,
            "column": 24
          },
          "end": {
            "line": 11,
            "column": 193
          }
        },
        "line": 11
      },
      "2": {
        "name": "(anonymous_2)",
        "decl": {
          "start": {
            "line": 14,
            "column": 13
          },
          "end": {
            "line": 14,
            "column": 14
          }
        },
        "loc": {
          "start": {
            "line": 14,
            "column": 21
          },
          "end": {
            "line": 14,
            "column": 63
          }
        },
        "line": 14
      }
    },
    "branchMap": {
      "0": {
        "loc": {
          "start": {
            "line": 11,
            "column": 24
          },
          "end": {
            "line": 11,
            "column": 193
          }
        },
        "type": "cond-expr",
        "locations": [
          {
            "start": {
              "line": 11,
              "column": 57
            },
            "end": {
              "line": 11,
              "column": 124
            }
          },
          {
            "start": {
              "line": 11,
              "column": 127
            },
            "end": {
              "line": 11,
              "column": 193
            }
          }
        ],
        "line": 11
      },
      "1": {
        "loc": {
          "start": {
            "line": 11,
            "column": 24
          },
          "end": {
            "line": 11,
            "column": 54
          }
        },
        "type": "binary-expr",
        "locations": [
          {
            "start": {
              "line": 11,
              "column": 24
            },
            "end": {
              "line": 11,
              "column": 38
            }
          },
          {
            "start": {
              "line": 11,
              "column": 42
            },
            "end": {
              "line": 11,
              "column": 54
            }
          }
        ],
        "line": 11
      }
    },
    "s": {
      "0": 1,
      "1": 1,
      "2": 1,
      "3": 1,
      "4": 0,
      "5": 0,
      "6": 1
    },
    "f": {
      "0": 1,
      "1": 0,
      "2": 0
    },
    "b": {
      "0": [
        0,
        0
      ],
      "1": [
        0,
        0
      ]
    },
    "inputSourceMap": {
      "version": 3,
      "mappings": "AAAA,SAASA,WAAWC,sBAAsB;AAS1C,MAAMC,UAAU;AAChB,MAAMC,SAAS;AAER,aAAMC,cAAcJ,UAAU;AAAA,EACnCK,aAAa;AAAA,EACbC,WAAWL,eAAe;AAAA,IAAEM,SAASL;AAAAA,EAAQ,CAAC;AAAA,EAC9CM,WAAYC,cAAa;AAAA,IACvBC,WAAWD,QAAQE,MAAwC;AAAA,MACzDA,OAAQA,WACNA,UAAU,QAAQA,UAAU,KACvB,2CAA0CA,gBAA0BR,WACpE,0DAAyDA;AAAAA,IAClE,CAAC;AAAA,IACDS,UAAUH,QAAQE,MAAuB;AAAA,MACvCA,OAAOA,CAACE,OAAgB,GAAEX,kBAAkBW,aAAaV;AAAAA,IAC3D,CAAC;AAAA,EACH;AACF,CAAC;AAEM,aAAM;AAAA,EAAEW;AAAAA,EAAmBC;AAAiB,IAAIX",
      "names": [
        "createApi",
        "fetchBaseQuery",
        "baseURL",
        "apiKey",
        "unsplashAPI",
        "reducerPath",
        "baseQuery",
        "baseUrl",
        "endpoints",
        "builder",
        "getImages",
        "query",
        "getImage",
        "id",
        "useGetImagesQuery",
        "useGetImageQuery"
      ],
      "sources": [
        "D:/НАСТЯ/Java Script/Stage 3/Components/React_3s/src/services/api.tsx"
      ],
      "file": "D:/НАСТЯ/Java Script/Stage 3/Components/React_3s/src/services/api.tsx"
    },
    "_coverageSchema": "1a1c01bbd47fc00a2c39e90264f33305004495a9",
    "hash": "3016aa822afd2984f1f533d1dac8bb6501a4ade1"
  },
  "D:/НАСТЯ/Java Script/Stage 3/Components/React_3s/src/components/Preloader.tsx": {
    "path": "D:/НАСТЯ/Java Script/Stage 3/Components/React_3s/src/components/Preloader.tsx",
    "statementMap": {
      "0": {
        "start": {
          "line": 5,
          "column": 0
        },
        "end": {
          "line": 15,
          "column": 1
        }
      },
      "1": {
        "start": {
          "line": 6,
          "column": 2
        },
        "end": {
          "line": 8,
          "column": 3
        }
      },
      "2": {
        "start": {
          "line": 7,
          "column": 4
        },
        "end": {
          "line": 7,
          "column": 165
        }
      },
      "3": {
        "start": {
          "line": 9,
          "column": 2
        },
        "end": {
          "line": 9,
          "column": 39
        }
      },
      "4": {
        "start": {
          "line": 10,
          "column": 2
        },
        "end": {
          "line": 10,
          "column": 39
        }
      },
      "5": {
        "start": {
          "line": 11,
          "column": 2
        },
        "end": {
          "line": 13,
          "column": 4
        }
      },
      "6": {
        "start": {
          "line": 12,
          "column": 4
        },
        "end": {
          "line": 12,
          "column": 121
        }
      },
      "7": {
        "start": {
          "line": 14,
          "column": 2
        },
        "end": {
          "line": 14,
          "column": 75
        }
      },
      "8": {
        "start": {
          "line": 16,
          "column": 18
        },
        "end": {
          "line": 43,
          "column": 1
        }
      },
      "9": {
        "start": {
          "line": 17,
          "column": 2
        },
        "end": {
          "line": 42,
          "column": 11
        }
      },
      "10": {
        "start": {
          "line": 44,
          "column": 0
        },
        "end": {
          "line": 44,
          "column": 15
        }
      },
      "11": {
        "start": {
          "line": 47,
          "column": 0
        },
        "end": {
          "line": 47,
          "column": 30
        }
      },
      "12": {
        "start": {
          "line": 48,
          "column": 0
        },
        "end": {
          "line": 64,
          "column": 1
        }
      },
      "13": {
        "start": {
          "line": 49,
          "column": 2
        },
        "end": {
          "line": 49,
          "column": 39
        }
      },
      "14": {
        "start": {
          "line": 50,
          "column": 2
        },
        "end": {
          "line": 50,
          "column": 39
        }
      },
      "15": {
        "start": {
          "line": 51,
          "column": 2
        },
        "end": {
          "line": 63,
          "column": 5
        }
      },
      "16": {
        "start": {
          "line": 55,
          "column": 4
        },
        "end": {
          "line": 55,
          "column": 147
        }
      },
      "17": {
        "start": {
          "line": 56,
          "column": 4
        },
        "end": {
          "line": 62,
          "column": 7
        }
      },
      "18": {
        "start": {
          "line": 57,
          "column": 6
        },
        "end": {
          "line": 58,
          "column": 15
        }
      },
      "19": {
        "start": {
          "line": 58,
          "column": 8
        },
        "end": {
          "line": 58,
          "column": 15
        }
      },
      "20": {
        "start": {
          "line": 59,
          "column": 32
        },
        "end": {
          "line": 59,
          "column": 115
        }
      },
      "21": {
        "start": {
          "line": 60,
          "column": 6
        },
        "end": {
          "line": 61,
          "column": 54
        }
      },
      "22": {
        "start": {
          "line": 61,
          "column": 8
        },
        "end": {
          "line": 61,
          "column": 54
        }
      }
    },
    "fnMap": {
      "0": {
        "name": "(anonymous_0)",
        "decl": {
          "start": {
            "line": 11,
            "column": 24
          },
          "end": {
            "line": 11,
            "column": 25
          }
        },
        "loc": {
          "start": {
            "line": 11,
            "column": 38
          },
          "end": {
            "line": 13,
            "column": 3
          }
        },
        "line": 11
      },
      "1": {
        "name": "(anonymous_1)",
        "decl": {
          "start": {
            "line": 16,
            "column": 18
          },
          "end": {
            "line": 16,
            "column": 19
          }
        },
        "loc": {
          "start": {
            "line": 16,
            "column": 24
          },
          "end": {
            "line": 43,
            "column": 1
          }
        },
        "line": 16
      },
      "2": {
        "name": "(anonymous_2)",
        "decl": {
          "start": {
            "line": 54,
            "column": 9
          },
          "end": {
            "line": 54,
            "column": 10
          }
        },
        "loc": {
          "start": {
            "line": 54,
            "column": 29
          },
          "end": {
            "line": 63,
            "column": 3
          }
        },
        "line": 54
      },
      "3": {
        "name": "(anonymous_3)",
        "decl": {
          "start": {
            "line": 56,
            "column": 27
          },
          "end": {
            "line": 56,
            "column": 28
          }
        },
        "loc": {
          "start": {
            "line": 56,
            "column": 44
          },
          "end": {
            "line": 62,
            "column": 5
          }
        },
        "line": 56
      }
    },
    "branchMap": {
      "0": {
        "loc": {
          "start": {
            "line": 5,
            "column": 0
          },
          "end": {
            "line": 15,
            "column": 1
          }
        },
        "type": "if",
        "locations": [
          {
            "start": {
              "line": 5,
              "column": 0
            },
            "end": {
              "line": 15,
              "column": 1
            }
          },
          {
            "start": {},
            "end": {}
          }
        ],
        "line": 5
      },
      "1": {
        "loc": {
          "start": {
            "line": 6,
            "column": 2
          },
          "end": {
            "line": 8,
            "column": 3
          }
        },
        "type": "if",
        "locations": [
          {
            "start": {
              "line": 6,
              "column": 2
            },
            "end": {
              "line": 8,
              "column": 3
            }
          },
          {
            "start": {},
            "end": {}
          }
        ],
        "line": 6
      },
      "2": {
        "loc": {
          "start": {
            "line": 48,
            "column": 0
          },
          "end": {
            "line": 64,
            "column": 1
          }
        },
        "type": "if",
        "locations": [
          {
            "start": {
              "line": 48,
              "column": 0
            },
            "end": {
              "line": 64,
              "column": 1
            }
          },
          {
            "start": {},
            "end": {}
          }
        ],
        "line": 48
      },
      "3": {
        "loc": {
          "start": {
            "line": 57,
            "column": 6
          },
          "end": {
            "line": 58,
            "column": 15
          }
        },
        "type": "if",
        "locations": [
          {
            "start": {
              "line": 57,
              "column": 6
            },
            "end": {
              "line": 58,
              "column": 15
            }
          },
          {
            "start": {},
            "end": {}
          }
        ],
        "line": 57
      },
      "4": {
        "loc": {
          "start": {
            "line": 60,
            "column": 6
          },
          "end": {
            "line": 61,
            "column": 54
          }
        },
        "type": "if",
        "locations": [
          {
            "start": {
              "line": 60,
              "column": 6
            },
            "end": {
              "line": 61,
              "column": 54
            }
          },
          {
            "start": {},
            "end": {}
          }
        ],
        "line": 60
      }
    },
    "s": {
      "0": 1,
      "1": 1,
      "2": 0,
      "3": 1,
      "4": 1,
      "5": 1,
      "6": 1,
      "7": 1,
      "8": 1,
      "9": 0,
      "10": 1,
      "11": 1,
      "12": 1,
      "13": 1,
      "14": 1,
      "15": 1,
      "16": 0,
      "17": 0,
      "18": 0,
      "19": 0,
      "20": 0,
      "21": 0,
      "22": 0
    },
    "f": {
      "0": 1,
      "1": 0,
      "2": 0,
      "3": 0
    },
    "b": {
      "0": [
        1,
        0
      ],
      "1": [
        0,
        1
      ],
      "2": [
        1,
        0
      ],
      "3": [
        0,
        0
      ],
      "4": [
        0,
        0
      ]
    },
    "inputSourceMap": {
      "version": 3,
      "mappings": "AAKM;AALN,OAAOA,oBAAkB;AAAA;AAAA;AAAA;AAAA;AAAA;AAAA;AAAA;AAAA;AAAA;AAAA;AAAA;AAAA;AAAA;AAEzB,MAAMC,YAAYA,MAAM;AACtB,SACE,uBAAC,SAAI,WAAU,uBACb;AAAA,2BAAC,SAAI,WAAU,sBAAf;AAAA;AAAA;AAAA;AAAA,WAAkC;AAAA,IAClC,uBAAC,SAAI,WAAU,sBAAf;AAAA;AAAA;AAAA;AAAA,WAAkC;AAAA,IAClC,uBAAC,SAAI,WAAU,sBAAf;AAAA;AAAA;AAAA;AAAA,WAAkC;AAAA,IAClC,uBAAC,SAAI,WAAU,sBAAf;AAAA;AAAA;AAAA;AAAA,WAAkC;AAAA,OAJpC;AAAA;AAAA;AAAA;AAAA,SAKA;AAEJ;AAAEC,KATID;AAWN,eAAeA;AAAU;AAAAE",
      "names": [
        "React",
        "Preloader",
        "_c",
        "$RefreshReg$"
      ],
      "sources": [
        "D:/НАСТЯ/Java Script/Stage 3/Components/React_3s/src/components/Preloader.tsx"
      ],
      "file": "D:/НАСТЯ/Java Script/Stage 3/Components/React_3s/src/components/Preloader.tsx"
    },
    "_coverageSchema": "1a1c01bbd47fc00a2c39e90264f33305004495a9",
    "hash": "98aecdec900e279be1ff37a204934c24ba262d94"
  },
  "D:/НАСТЯ/Java Script/Stage 3/Components/React_3s/src/components/CardImage.tsx": {
    "path": "D:/НАСТЯ/Java Script/Stage 3/Components/React_3s/src/components/CardImage.tsx",
    "statementMap": {
      "0": {
        "start": {
          "line": 5,
          "column": 0
        },
        "end": {
          "line": 15,
          "column": 1
        }
      },
      "1": {
        "start": {
          "line": 6,
          "column": 2
        },
        "end": {
          "line": 8,
          "column": 3
        }
      },
      "2": {
        "start": {
          "line": 7,
          "column": 4
        },
        "end": {
          "line": 7,
          "column": 165
        }
      },
      "3": {
        "start": {
          "line": 9,
          "column": 2
        },
        "end": {
          "line": 9,
          "column": 39
        }
      },
      "4": {
        "start": {
          "line": 10,
          "column": 2
        },
        "end": {
          "line": 10,
          "column": 39
        }
      },
      "5": {
        "start": {
          "line": 11,
          "column": 2
        },
        "end": {
          "line": 13,
          "column": 4
        }
      },
      "6": {
        "start": {
          "line": 12,
          "column": 4
        },
        "end": {
          "line": 12,
          "column": 121
        }
      },
      "7": {
        "start": {
          "line": 14,
          "column": 2
        },
        "end": {
          "line": 14,
          "column": 75
        }
      },
      "8": {
        "start": {
          "line": 16,
          "column": 18
        },
        "end": {
          "line": 42,
          "column": 1
        }
      },
      "9": {
        "start": {
          "line": 21,
          "column": 2
        },
        "end": {
          "line": 41,
          "column": 11
        }
      },
      "10": {
        "start": {
          "line": 43,
          "column": 0
        },
        "end": {
          "line": 43,
          "column": 15
        }
      },
      "11": {
        "start": {
          "line": 46,
          "column": 0
        },
        "end": {
          "line": 46,
          "column": 30
        }
      },
      "12": {
        "start": {
          "line": 47,
          "column": 0
        },
        "end": {
          "line": 63,
          "column": 1
        }
      },
      "13": {
        "start": {
          "line": 48,
          "column": 2
        },
        "end": {
          "line": 48,
          "column": 39
        }
      },
      "14": {
        "start": {
          "line": 49,
          "column": 2
        },
        "end": {
          "line": 49,
          "column": 39
        }
      },
      "15": {
        "start": {
          "line": 50,
          "column": 2
        },
        "end": {
          "line": 62,
          "column": 5
        }
      },
      "16": {
        "start": {
          "line": 54,
          "column": 4
        },
        "end": {
          "line": 54,
          "column": 147
        }
      },
      "17": {
        "start": {
          "line": 55,
          "column": 4
        },
        "end": {
          "line": 61,
          "column": 7
        }
      },
      "18": {
        "start": {
          "line": 56,
          "column": 6
        },
        "end": {
          "line": 57,
          "column": 15
        }
      },
      "19": {
        "start": {
          "line": 57,
          "column": 8
        },
        "end": {
          "line": 57,
          "column": 15
        }
      },
      "20": {
        "start": {
          "line": 58,
          "column": 32
        },
        "end": {
          "line": 58,
          "column": 115
        }
      },
      "21": {
        "start": {
          "line": 59,
          "column": 6
        },
        "end": {
          "line": 60,
          "column": 54
        }
      },
      "22": {
        "start": {
          "line": 60,
          "column": 8
        },
        "end": {
          "line": 60,
          "column": 54
        }
      }
    },
    "fnMap": {
      "0": {
        "name": "(anonymous_0)",
        "decl": {
          "start": {
            "line": 11,
            "column": 24
          },
          "end": {
            "line": 11,
            "column": 25
          }
        },
        "loc": {
          "start": {
            "line": 11,
            "column": 38
          },
          "end": {
            "line": 13,
            "column": 3
          }
        },
        "line": 11
      },
      "1": {
        "name": "(anonymous_1)",
        "decl": {
          "start": {
            "line": 16,
            "column": 18
          },
          "end": {
            "line": 16,
            "column": 19
          }
        },
        "loc": {
          "start": {
            "line": 20,
            "column": 6
          },
          "end": {
            "line": 42,
            "column": 1
          }
        },
        "line": 20
      },
      "2": {
        "name": "(anonymous_2)",
        "decl": {
          "start": {
            "line": 53,
            "column": 9
          },
          "end": {
            "line": 53,
            "column": 10
          }
        },
        "loc": {
          "start": {
            "line": 53,
            "column": 29
          },
          "end": {
            "line": 62,
            "column": 3
          }
        },
        "line": 53
      },
      "3": {
        "name": "(anonymous_3)",
        "decl": {
          "start": {
            "line": 55,
            "column": 27
          },
          "end": {
            "line": 55,
            "column": 28
          }
        },
        "loc": {
          "start": {
            "line": 55,
            "column": 44
          },
          "end": {
            "line": 61,
            "column": 5
          }
        },
        "line": 55
      }
    },
    "branchMap": {
      "0": {
        "loc": {
          "start": {
            "line": 5,
            "column": 0
          },
          "end": {
            "line": 15,
            "column": 1
          }
        },
        "type": "if",
        "locations": [
          {
            "start": {
              "line": 5,
              "column": 0
            },
            "end": {
              "line": 15,
              "column": 1
            }
          },
          {
            "start": {},
            "end": {}
          }
        ],
        "line": 5
      },
      "1": {
        "loc": {
          "start": {
            "line": 6,
            "column": 2
          },
          "end": {
            "line": 8,
            "column": 3
          }
        },
        "type": "if",
        "locations": [
          {
            "start": {
              "line": 6,
              "column": 2
            },
            "end": {
              "line": 8,
              "column": 3
            }
          },
          {
            "start": {},
            "end": {}
          }
[...]
        "useForm",
        "Controller",
        "useDispatch",
        "CardsList",
        "addCard",
        "Form",
        "_s",
        "dispatch",
        "isSuccess",
        "setIsSuccess",
        "useState",
        "register",
        "reset",
        "control",
        "handleSubmit",
        "formState",
        "errors",
        "mode",
        "onSubmit",
        "data",
        "title",
        "person",
        "personImg",
        "date",
        "checkboxValue",
        "fileCopy",
        "Object",
        "assign",
        "fileImage",
        "image",
        "blob",
        "Blob",
        "type",
        "URL",
        "createObjectURL",
        "handleChange",
        "required",
        "pattern",
        "value",
        "message",
        "field",
        "_c",
        "$RefreshReg$"
      ],
      "sources": [
        "D:/НАСТЯ/Java Script/Stage 3/Components/React_3s/src/pages/Form.tsx"
      ],
      "file": "D:/НАСТЯ/Java Script/Stage 3/Components/React_3s/src/pages/Form.tsx"
    },
    "_coverageSchema": "1a1c01bbd47fc00a2c39e90264f33305004495a9",
    "hash": "ab88d9861d1baebeb6fcbe768759c81c410ee46f"
  },
  "D:/НАСТЯ/Java Script/Stage 3/Components/React_3s/src/AppRouter.tsx": {
    "path": "D:/НАСТЯ/Java Script/Stage 3/Components/React_3s/src/AppRouter.tsx",
    "statementMap": {
      "0": {
        "start": {
          "line": 5,
          "column": 0
        },
        "end": {
          "line": 15,
          "column": 1
        }
      },
      "1": {
        "start": {
          "line": 6,
          "column": 2
        },
        "end": {
          "line": 8,
          "column": 3
        }
      },
      "2": {
        "start": {
          "line": 7,
          "column": 4
        },
        "end": {
          "line": 7,
          "column": 165
        }
      },
      "3": {
        "start": {
          "line": 9,
          "column": 2
        },
        "end": {
          "line": 9,
          "column": 39
        }
      },
      "4": {
        "start": {
          "line": 10,
          "column": 2
        },
        "end": {
          "line": 10,
          "column": 39
        }
      },
      "5": {
        "start": {
          "line": 11,
          "column": 2
        },
        "end": {
          "line": 13,
          "column": 4
        }
      },
      "6": {
        "start": {
          "line": 12,
          "column": 4
        },
        "end": {
          "line": 12,
          "column": 110
        }
      },
      "7": {
        "start": {
          "line": 14,
          "column": 2
        },
        "end": {
          "line": 14,
          "column": 75
        }
      },
      "8": {
        "start": {
          "line": 25,
          "column": 18
        },
        "end": {
          "line": 92,
          "column": 1
        }
      },
      "9": {
        "start": {
          "line": 26,
          "column": 2
        },
        "end": {
          "line": 91,
          "column": 11
        }
      },
      "10": {
        "start": {
          "line": 93,
          "column": 0
        },
        "end": {
          "line": 93,
          "column": 15
        }
      },
      "11": {
        "start": {
          "line": 96,
          "column": 0
        },
        "end": {
          "line": 96,
          "column": 30
        }
      },
      "12": {
        "start": {
          "line": 97,
          "column": 0
        },
        "end": {
          "line": 113,
          "column": 1
        }
      },
      "13": {
        "start": {
          "line": 98,
          "column": 2
        },
        "end": {
          "line": 98,
          "column": 39
        }
      },
      "14": {
        "start": {
          "line": 99,
          "column": 2
        },
        "end": {
          "line": 99,
          "column": 39
        }
      },
      "15": {
        "start": {
          "line": 100,
          "column": 2
        },
        "end": {
          "line": 112,
          "column": 5
        }
      },
      "16": {
        "start": {
          "line": 104,
          "column": 4
        },
        "end": {
          "line": 104,
          "column": 136
        }
      },
      "17": {
        "start": {
          "line": 105,
          "column": 4
        },
        "end": {
          "line": 111,
          "column": 7
        }
      },
      "18": {
        "start": {
          "line": 106,
          "column": 6
        },
        "end": {
          "line": 107,
          "column": 15
        }
      },
      "19": {
        "start": {
          "line": 107,
          "column": 8
        },
        "end": {
          "line": 107,
          "column": 15
        }
      },
      "20": {
        "start": {
          "line": 108,
          "column": 32
        },
        "end": {
          "line": 108,
          "column": 115
        }
      },
      "21": {
        "start": {
          "line": 109,
          "column": 6
        },
        "end": {
          "line": 110,
          "column": 54
        }
      },
      "22": {
        "start": {
          "line": 110,
          "column": 8
        },
        "end": {
          "line": 110,
          "column": 54
        }
      }
    },
    "fnMap": {
      "0": {
        "name": "(anonymous_0)",
        "decl": {
          "start": {
            "line": 11,
            "column": 24
          },
          "end": {
            "line": 11,
            "column": 25
          }
        },
        "loc": {
          "start": {
            "line": 11,
            "column": 38
          },
          "end": {
            "line": 13,
            "column": 3
          }
        },
        "line": 11
      },
      "1": {
        "name": "(anonymous_1)",
        "decl": {
          "start": {
            "line": 25,
            "column": 18
          },
          "end": {
            "line": 25,
            "column": 19
          }
        },
        "loc": {
          "start": {
            "line": 25,
            "column": 24
          },
          "end": {
            "line": 92,
            "column": 1
          }
        },
        "line": 25
      },
      "2": {
        "name": "(anonymous_2)",
        "decl": {
          "start": {
            "line": 103,
            "column": 9
          },
          "end": {
            "line": 103,
            "column": 10
          }
        },
        "loc": {
          "start": {
            "line": 103,
            "column": 29
          },
          "end": {
            "line": 112,
            "column": 3
          }
        },
        "line": 103
      },
      "3": {
        "name": "(anonymous_3)",
        "decl": {
          "start": {
            "line": 105,
            "column": 27
          },
          "end": {
            "line": 105,
            "column": 28
          }
        },
        "loc": {
          "start": {
            "line": 105,
            "column": 44
          },
          "end": {
            "line": 111,
            "column": 5
          }
        },
        "line": 105
      }
    },
    "branchMap": {
      "0": {
        "loc": {
          "start": {
            "line": 5,
            "column": 0
          },
          "end": {
            "line": 15,
            "column": 1
          }
        },
        "type": "if",
        "locations": [
          {
            "start": {
              "line": 5,
              "column": 0
            },
            "end": {
              "line": 15,
              "column": 1
            }
          },
          {
            "start": {},
            "end": {}
          }
        ],
        "line": 5
      },
      "1": {
        "loc": {
          "start": {
            "line": 6,
            "column": 2
          },
          "end": {
            "line": 8,
            "column": 3
          }
        },
        "type": "if",
        "locations": [
          {
            "start": {
              "line": 6,
              "column": 2
            },
            "end": {
              "line": 8,
              "column": 3
            }
          },
          {
            "start": {},
            "end": {}
          }
        ],
        "line": 6
      },
      "2": {
        "loc": {
          "start": {
            "line": 97,
            "column": 0
          },
          "end": {
            "line": 113,
            "column": 1
          }
        },
        "type": "if",
        "locations": [
          {
            "start": {
              "line": 97,
              "column": 0
            },
            "end": {
              "line": 113,
              "column": 1
            }
          },
          {
            "start": {},
            "end": {}
          }
        ],
        "line": 97
      },
      "3": {
        "loc": {
          "start": {
            "line": 106,
            "column": 6
          },
          "end": {
            "line": 107,
            "column": 15
          }
        },
        "type": "if",
        "locations": [
          {
            "start": {
              "line": 106,
              "column": 6
            },
            "end": {
              "line": 107,
              "column": 15
            }
          },
          {
            "start": {},
            "end": {}
          }
        ],
        "line": 106
      },
      "4": {
        "loc": {
          "start": {
            "line": 109,
            "column": 6
          },
          "end": {
            "line": 110,
            "column": 54
          }
        },
        "type": "if",
        "locations": [
          {
            "start": {
              "line": 109,
              "column": 6
            },
            "end": {
              "line": 110,
              "column": 54
            }
          },
          {
            "start": {},
            "end": {}
          }
        ],
        "line": 109
      }
    },
    "s": {
      "0": 1,
      "1": 1,
      "2": 0,
      "3": 1,
      "4": 1,
      "5": 1,
      "6": 1,
      "7": 1,
      "8": 1,
      "9": 1,
      "10": 1,
      "11": 1,
      "12": 1,
      "13": 1,
      "14": 1,
      "15": 1,
      "16": 0,
      "17": 0,
      "18": 0,
      "19": 0,
      "20": 0,
      "21": 0,
      "22": 0
    },
    "f": {
      "0": 1,
      "1": 1,
      "2": 0,
      "3": 0
    },
    "b": {
      "0": [
        1,
        0
      ],
      "1": [
        0,
        1
      ],
      "2": [
        1,
        0
      ],
      "3": [
        0,
        0
      ],
      "4": [
        0,
        0
      ]
    },
    "inputSourceMap": {
      "version": 3,
      "mappings": "AAc+B;AAd/B,OAAOA,oBAAkB;AAAA;AAAA;AAAA;AAAA;AAAA;AAAA;AAAA;AAAA;AAAA;AAAA;AAAA;AAAA;AAAA;AACzB,SAASC,QAAQC,aAAa;AAC9B,OAAOC,YAAY;AACnB,OAAOC,eAAe;AACtB,OAAOC,UAAU;AACjB,OAAOC,WAAW;AAClB,OAAOC,UAAU;AACjB,OAAO;AACP,OAAO;AACP,OAAO;AAEP,MAAMC,YAAYA,MAAM;AACtB,SACE,uBAAC,UACC,iCAAC,SAAM,MAAK,KAAI,SAAS,uBAAC,YAAD;AAAA;AAAA;AAAA;AAAA,SAAO,GAC9B;AAAA,2BAAC,SAAM,OAAK,MAAC,SAAS,uBAAC,UAAD;AAAA;AAAA;AAAA;AAAA,WAAK,KAA3B;AAAA;AAAA;AAAA;AAAA,WAA+B;AAAA,IAC/B,uBAAC,SAAM,MAAK,QAAO,SAAS,uBAAC,UAAD;AAAA;AAAA;AAAA;AAAA,WAAK,KAAjC;AAAA;AAAA;AAAA;AAAA,WAAqC;AAAA,IACrC,uBAAC,SAAM,MAAK,SAAQ,SAAS,uBAAC,WAAD;AAAA;AAAA;AAAA;AAAA,WAAM,KAAnC;AAAA;AAAA;AAAA;AAAA,WAAuC;AAAA,IACvC,uBAAC,SACC,MAAK,QACL,SACE;AAAA,MAAC;AAAA;AAAA,MAAD;AAAA;AAAA;AAAA;AAAA;AAAA;AAAA;AAAA;AAAA,IAKA,KARJ;AAAA;AAAA;AAAA;AAAA,WAUG;AAAA,IAEH,uBAAC,SAAM,MAAK,KAAI,SAAS,uBAAC,eAAD;AAAA;AAAA;AAAA;AAAA,WAAU,KAAnC;AAAA;AAAA;AAAA;AAAA,WAAuC;AAAA,OAhBzC;AAAA;AAAA;AAAA;AAAA,SAiBA,KAlBF;AAAA;AAAA;AAAA;AAAA,SAmBA;AAEJ;AAAEC,KAvBID;AAyBN,eAAeA;AAAU;AAAAE",
      "names": [
        "React",
        "Routes",
        "Route",
        "Layout",
        "ErrorPage",
        "Main",
        "About",
        "Form",
        "AppRouter",
        "_c",
        "$RefreshReg$"
      ],
      "sources": [
        "D:/НАСТЯ/Java Script/Stage 3/Components/React_3s/src/AppRouter.tsx"
      ],
      "file": "D:/НАСТЯ/Java Script/Stage 3/Components/React_3s/src/AppRouter.tsx"
    },
    "_coverageSchema": "1a1c01bbd47fc00a2c39e90264f33305004495a9",
    "hash": "3899aa84ef689645201a26cb848cd7215138b69e"
  },
  "D:/НАСТЯ/Java Script/Stage 3/Components/React_3s/src/redux/store.tsx": {
    "path": "D:/НАСТЯ/Java Script/Stage 3/Components/React_3s/src/redux/store.tsx",
    "statementMap": {
      "0": {
        "start": {
          "line": 5,
          "column": 14
        },
        "end": {
          "line": 12,
          "column": 2
        }
      },
      "1": {
        "start": {
          "line": 11,
          "column": 40
        },
        "end": {
          "line": 11,
          "column": 93
        }
      }
    },
    "fnMap": {
      "0": {
        "name": "(anonymous_0)",
        "decl": {
          "start": {
            "line": 11,
            "column": 14
          },
          "end": {
            "line": 11,
            "column": 15
          }
        },
        "loc": {
          "start": {
            "line": 11,
            "column": 40
          },
          "end": {
            "line": 11,
            "column": 93
          }
        },
        "line": 11
      }
    },
    "branchMap": {},
    "s": {
      "0": 1,
      "1": 1
    },
    "f": {
      "0": 1
    },
    "b": {},
    "inputSourceMap": {
      "version": 3,
      "mappings": "AAAA,SAASA,sBAAsB;AAC/B,SAASC,mBAAmB;AAC5B,OAAOC,kBAAkB;AACzB,OAAOC,iBAAiB;AAExB,MAAMC,QAAQJ,eAAe;AAAA,EAC3BK,SAAS;AAAA,IACPC,QAAQJ;AAAAA,IACR,CAACD,YAAYM,WAAW,GAAGN,YAAYI;AAAAA,IACvCG,MAAML;AAAAA,EACR;AAAA,EACAM,YAAaC,0BAAyBA,qBAAoB,EAAGC,OAAOV,YAAYQ,UAAU;AAC5F,CAAC;AAED,eAAeL",
      "names": [
        "configureStore",
        "unsplashAPI",
        "imageReducer",
        "formReducer",
        "store",
        "reducer",
        "images",
        "reducerPath",
        "form",
        "middleware",
        "getDefaultMiddleware",
        "concat"
      ],
      "sources": [
        "D:/НАСТЯ/Java Script/Stage 3/Components/React_3s/src/redux/store.tsx"
      ],
      "file": "D:/НАСТЯ/Java Script/Stage 3/Components/React_3s/src/redux/store.tsx"
    },
    "_coverageSchema": "1a1c01bbd47fc00a2c39e90264f33305004495a9",
    "hash": "c6940c2fb3ebed02ab1b20fcea174210e39158c1"
  },
  "D:/НАСТЯ/Java Script/Stage 3/Components/React_3s/src/entry-client.tsx": {
    "path": "D:/НАСТЯ/Java Script/Stage 3/Components/React_3s/src/entry-client.tsx",
    "statementMap": {
      "0": {
        "start": {
          "line": 7,
          "column": 0
        },
        "end": {
          "line": 19,
          "column": 10
        }
      }
    },
    "fnMap": {},
    "branchMap": {},
    "s": {
      "0": 1
    },
    "f": {},
    "b": {},
    "inputSourceMap": {
      "version": 3,
      "mappings": "AAWM;AAVN,OAAOA,eAAe;AACtB,OAAOC,cAAc;AACrB,SAASC,qBAAqB;AAC9B,SAASC,gBAAgB;AACzB,OAAOC,WAAW;AAElBH,SAASI,YACPC,SAASC,eAAe,MAAM,GAC9B,uBAAC,YAAS,OACR,iCAAC,iBACC,iCAAC,eAAD;AAAA;AAAA;AAAA;AAAA,OAAU,KADZ;AAAA;AAAA;AAAA;AAAA,OAEA,KAHF;AAAA;AAAA;AAAA;AAAA,OAIA,CAAW",
      "names": [
        "AppRouter",
        "ReactDOM",
        "BrowserRouter",
        "Provider",
        "store",
        "hydrateRoot",
        "document",
        "getElementById"
      ],
      "sources": [
        "D:/НАСТЯ/Java Script/Stage 3/Components/React_3s/src/entry-client.tsx"
      ],
      "file": "D:/НАСТЯ/Java Script/Stage 3/Components/React_3s/src/entry-client.tsx"
    },
    "_coverageSchema": "1a1c01bbd47fc00a2c39e90264f33305004495a9",
    "hash": "c51992c4558bb6b5c46ef06ecb4cf6b3764e251d"
  },
  "D:/НАСТЯ/Java Script/Stage 3/Components/React_3s/src/App.tsx": {
    "path": "D:/НАСТЯ/Java Script/Stage 3/Components/React_3s/src/App.tsx",
    "statementMap": {},
    "fnMap": {},
    "branchMap": {},
    "s": {},
    "f": {},
    "b": {}
  },
  "D:/НАСТЯ/Java Script/Stage 3/Components/React_3s/src/cards_data.tsx": {
    "path": "D:/НАСТЯ/Java Script/Stage 3/Components/React_3s/src/cards_data.tsx",
    "statementMap": {},
    "fnMap": {},
    "branchMap": {},
    "s": {},
    "f": {},
    "b": {}
  },
  "D:/НАСТЯ/Java Script/Stage 3/Components/React_3s/src/entry-server.tsx": {
    "path": "D:/НАСТЯ/Java Script/Stage 3/Components/React_3s/src/entry-server.tsx",
    "statementMap": {},
    "fnMap": {},
    "branchMap": {},
    "s": {},
    "f": {},
    "b": {}
  },
  "D:/НАСТЯ/Java Script/Stage 3/Components/React_3s/src/main.tsx": {
    "path": "D:/НАСТЯ/Java Script/Stage 3/Components/React_3s/src/main.tsx",
    "statementMap": {},
    "fnMap": {},
    "branchMap": {},
    "s": {},
    "f": {},
    "b": {}
  },
  "D:/НАСТЯ/Java Script/Stage 3/Components/React_3s/src/components/Card.test.tsx": {
    "path": "D:/НАСТЯ/Java Script/Stage 3/Components/React_3s/src/components/Card.test.tsx",
    "statementMap": {},
    "fnMap": {},
    "branchMap": {},
    "s": {},
    "f": {},
    "b": {}
  },
  "D:/НАСТЯ/Java Script/Stage 3/Components/React_3s/src/components/CardImage.test.tsx": {
    "path": "D:/НАСТЯ/Java Script/Stage 3/Components/React_3s/src/components/CardImage.test.tsx",
    "statementMap": {},
    "fnMap": {},
    "branchMap": {},
    "s": {},
    "f": {},
    "b": {}
  },
  "D:/НАСТЯ/Java Script/Stage 3/Components/React_3s/src/components/CardInfo.test.tsx": {
    "path": "D:/НАСТЯ/Java Script/Stage 3/Components/React_3s/src/components/CardInfo.test.tsx",
    "statementMap": {},
    "fnMap": {},
    "branchMap": {},
    "s": {},
    "f": {},
    "b": {}
  },
  "D:/НАСТЯ/Java Script/Stage 3/Components/React_3s/src/components/Footer.test.tsx": {
    "path": "D:/НАСТЯ/Java Script/Stage 3/Components/React_3s/src/components/Footer.test.tsx",
    "statementMap": {},
    "fnMap": {},
    "branchMap": {},
    "s": {},
    "f": {},
    "b": {}
  },
  "D:/НАСТЯ/Java Script/Stage 3/Components/React_3s/src/components/ImagesCardList.test.tsx": {
    "path": "D:/НАСТЯ/Java Script/Stage 3/Components/React_3s/src/components/ImagesCardList.test.tsx",
    "statementMap": {},
    "fnMap": {},
    "branchMap": {},
    "s": {},
    "f": {},
    "b": {}
  },
  "D:/НАСТЯ/Java Script/Stage 3/Components/React_3s/src/components/Modal.test.tsx": {
    "path": "D:/НАСТЯ/Java Script/Stage 3/Components/React_3s/src/components/Modal.test.tsx",
    "statementMap": {},
    "fnMap": {},
    "branchMap": {},
    "s": {},
    "f": {},
    "b": {}
  },
  "D:/НАСТЯ/Java Script/Stage 3/Components/React_3s/src/components/SearchBar.test.tsx": {
    "path": "D:/НАСТЯ/Java Script/Stage 3/Components/React_3s/src/components/SearchBar.test.tsx",
    "statementMap": {},
    "fnMap": {},
    "branchMap": {},
    "s": {},
    "f": {},
    "b": {}
  },
  "D:/НАСТЯ/Java Script/Stage 3/Components/React_3s/src/components/Tag.test.tsx": {
    "path": "D:/НАСТЯ/Java Script/Stage 3/Components/React_3s/src/components/Tag.test.tsx",
    "statementMap": {},
    "fnMap": {},
    "branchMap": {},
    "s": {},
    "f": {},
    "b": {}
  },
  "D:/НАСТЯ/Java Script/Stage 3/Components/React_3s/src/pages/Form.test.tsx": {
    "path": "D:/НАСТЯ/Java Script/Stage 3/Components/React_3s/src/pages/Form.test.tsx",
    "statementMap": {},
    "fnMap": {},
    "branchMap": {},
    "s": {},
    "f": {},
    "b": {}
  },
  "D:/НАСТЯ/Java Script/Stage 3/Components/React_3s/src/types/card_type.tsx": {
    "path": "D:/НАСТЯ/Java Script/Stage 3/Components/React_3s/src/types/card_type.tsx",
    "statementMap": {},
    "fnMap": {},
    "branchMap": {},
    "s": {},
    "f": {},
    "b": {}
  },
  "D:/НАСТЯ/Java Script/Stage 3/Components/React_3s/src/types/form_type.tsx": {
    "path": "D:/НАСТЯ/Java Script/Stage 3/Components/React_3s/src/types/form_type.tsx",
    "statementMap": {},
    "fnMap": {},
    "branchMap": {},
    "s": {},
    "f": {},
    "b": {}
  },
  "D:/НАСТЯ/Java Script/Stage 3/Components/React_3s/src/types/IImages.tsx": {
    "path": "D:/НАСТЯ/Java Script/Stage 3/Components/React_3s/src/types/IImages.tsx",
    "statementMap": {},
    "fnMap": {},
    "branchMap": {},
    "s": {},
    "f": {},
    "b": {}
  }
}
