<?xml version="1.0" encoding="UTF-8"?>
<coverage generated="1681042669631" clover="3.2.0">
  <project timestamp="1681042669631" name="All files">
    <metrics statements="8" coveredstatements="5" conditionals="6" coveredconditionals="0" methods="6" coveredmethods="3" elements="20" coveredelements="8" complexity="0" loc="8" ncloc="8" packages="1" files="5" classes="5"/>
    <file name="CardImage.tsx" path="/Users/anastasia/Desktop/Dev/Stage3/src/components/CardImage.tsx">
      <metrics statements="2" coveredstatements="1" conditionals="6" coveredconditionals="0" methods="1" coveredmethods="0"/>
      <line num="9" count="1" type="stmt"/>
      <line num="10" count="0" type="stmt"/>
    </file>
    <file name="CardInfo.tsx" path="/Users/anastasia/Desktop/Dev/Stage3/src/components/CardInfo.tsx">
      <metrics statements="2" coveredstatements="1" conditionals="0" coveredconditionals="0" methods="1" coveredmethods="0"/>
      <line num="11" count="1" type="stmt"/>
      <line num="12" count="0" type="stmt"/>
    </file>
    <file name="CardItem.tsx" path="/Users/anastasia/Desktop/Dev/Stage3/src/components/CardItem.tsx">
      <metrics statements="1" coveredstatements="1" conditionals="0" coveredconditionals="0" methods="1" coveredmethods="1"/>
      <line num="12" count="21" type="stmt"/>
    </file>
    <file name="Footer.tsx" path="/Users/anastasia/Desktop/Dev/Stage3/src/components/Footer.tsx">
      <metrics statements="1" coveredstatements="1" conditionals="0" coveredconditionals="0" methods="1" coveredmethods="1"/>
      <line num="4" count="1" type="stmt"/>
    </file>
    <file name="SearchBar.tsx" path="/Users/anastasia/Desktop/Dev/Stage3/src/components/SearchBar.tsx">
      <metrics statements="2" coveredstatements="1" conditionals="0" coveredconditionals="0" methods="2" coveredmethods="1"/>
      <line num="4" count="13" type="stmt"/>
      <line num="12" count="0" type="stmt"/>
    </file>
  </project>
</coverage>
