{"total": {"lines":{"total":133,"covered":89,"skipped":0,"pct":66.91},"statements":{"total":150,"covered":97,"skipped":0,"pct":64.66},"functions":{"total":58,"covered":28,"skipped":0,"pct":48.27},"branches":{"total":68,"covered":19,"skipped":0,"pct":27.94},"branchesTrue":{"total":0,"covered":0,"skipped":0,"pct":100}}
,"D:/НАСТЯ/Java Script/Stage 3/Components/React_3s/src/App.tsx": {"lines":{"total":0,"covered":0,"skipped":0,"pct":0},"functions":{"total":0,"covered":0,"skipped":0,"pct":0},"statements":{"total":0,"covered":0,"skipped":0,"pct":0},"branches":{"total":0,"covered":0,"skipped":0,"pct":0}}
,"D:/НАСТЯ/Java Script/Stage 3/Components/React_3s/src/AppRouter.tsx": {"lines":{"total":5,"covered":5,"skipped":0,"pct":100},"functions":{"total":2,"covered":2,"skipped":0,"pct":100},"statements":{"total":5,"covered":5,"skipped":0,"pct":100},"branches":{"total":1,"covered":1,"skipped":0,"pct":100}}
,"D:/НАСТЯ/Java Script/Stage 3/Components/React_3s/src/cards_data.tsx": {"lines":{"total":0,"covered":0,"skipped":0,"pct":0},"functions":{"total":0,"covered":0,"skipped":0,"pct":0},"statements":{"total":0,"covered":0,"skipped":0,"pct":0},"branches":{"total":0,"covered":0,"skipped":0,"pct":0}}
,"D:/НАСТЯ/Java Script/Stage 3/Components/React_3s/src/entry-client.tsx": {"lines":{"total":1,"covered":1,"skipped":0,"pct":100},"functions":{"total":0,"covered":0,"skipped":0,"pct":100},"statements":{"total":1,"covered":1,"skipped":0,"pct":100},"branches":{"total":0,"covered":0,"skipped":0,"pct":100}}
,"D:/НАСТЯ/Java Script/Stage 3/Components/React_3s/src/entry-server.tsx": {"lines":{"total":0,"covered":0,"skipped":0,"pct":0},"functions":{"total":0,"covered":0,"skipped":0,"pct":0},"statements":{"total":0,"covered":0,"skipped":0,"pct":0},"branches":{"total":0,"covered":0,"skipped":0,"pct":0}}
,"D:/НАСТЯ/Java Script/Stage 3/Components/React_3s/src/main.tsx": {"lines":{"total":0,"covered":0,"skipped":0,"pct":0},"functions":{"total":0,"covered":0,"skipped":0,"pct":0},"statements":{"total":0,"covered":0,"skipped":0,"pct":0},"branches":{"total":0,"covered":0,"skipped":0,"pct":0}}
,"D:/НАСТЯ/Java Script/Stage 3/Components/React_3s/src/components/Card.test.tsx": {"lines":{"total":0,"covered":0,"skipped":0,"pct":0},"functions":{"total":0,"covered":0,"skipped":0,"pct":0},"statements":{"total":0,"covered":0,"skipped":0,"pct":0},"branches":{"total":0,"covered":0,"skipped":0,"pct":0}}
,"D:/НАСТЯ/Java Script/Stage 3/Components/React_3s/src/components/Card.tsx": {"lines":{"total":9,"covered":3,"skipped":0,"pct":33.33},"functions":{"total":3,"covered":0,"skipped":0,"pct":0},"statements":{"total":11,"covered":4,"skipped":0,"pct":36.36},"branches":{"total":4,"covered":0,"skipped":0,"pct":0}}
,"D:/НАСТЯ/Java Script/Stage 3/Components/React_3s/src/components/CardImage.test.tsx": {"lines":{"total":0,"covered":0,"skipped":0,"pct":0},"functions":{"total":0,"covered":0,"skipped":0,"pct":0},"statements":{"total":0,"covered":0,"skipped":0,"pct":0},"branches":{"total":0,"covered":0,"skipped":0,"pct":0}}
,"D:/НАСТЯ/Java Script/Stage 3/Components/React_3s/src/components/CardImage.tsx": {"lines":{"total":5,"covered":4,"skipped":0,"pct":80},"functions":{"total":2,"covered":1,"skipped":0,"pct":50},"statements":{"total":5,"covered":4,"skipped":0,"pct":80},"branches":{"total":10,"covered":1,"skipped":0,"pct":10}}
,"D:/НАСТЯ/Java Script/Stage 3/Components/React_3s/src/components/CardInfo.test.tsx": {"lines":{"total":0,"covered":0,"skipped":0,"pct":0},"functions":{"total":0,"covered":0,"skipped":0,"pct":0},"statements":{"total":0,"covered":0,"skipped":0,"pct":0},"branches":{"total":0,"covered":0,"skipped":0,"pct":0}}
,"D:/НАСТЯ/Java Script/Stage 3/Components/React_3s/src/components/CardInfo.tsx": {"lines":{"total":5,"covered":4,"skipped":0,"pct":80},"functions":{"total":2,"covered":1,"skipped":0,"pct":50},"statements":{"total":5,"covered":4,"skipped":0,"pct":80},"branches":{"total":6,"covered":1,"skipped":0,"pct":16.66}}
,"D:/НАСТЯ/Java Script/Stage 3/Components/React_3s/src/components/CardsList.tsx": {"lines":{"total":6,"covered":5,"skipped":0,"pct":83.33},"functions":{"total":4,"covered":3,"skipped":0,"pct":75},"statements":{"total":10,"covered":9,"skipped":0,"pct":90},"branches":{"total":0,"covered":0,"skipped":0,"pct":100}}
,"D:/НАСТЯ/Java Script/Stage 3/Components/React_3s/src/components/Footer.test.tsx": {"lines":{"total":0,"covered":0,"skipped":0,"pct":0},"functions":{"total":0,"covered":0,"skipped":0,"pct":0},"statements":{"total":0,"covered":0,"skipped":0,"pct":0},"branches":{"total":0,"covered":0,"skipped":0,"pct":0}}
,"D:/НАСТЯ/Java Script/Stage 3/Components/React_3s/src/components/Footer.tsx": {"lines":{"total":4,"covered":4,"skipped":0,"pct":100},"functions":{"total":2,"covered":2,"skipped":0,"pct":100},"statements":{"total":4,"covered":4,"skipped":0,"pct":100},"branches":{"total":1,"covered":1,"skipped":0,"pct":100}}
,"D:/НАСТЯ/Java Script/Stage 3/Components/React_3s/src/components/Header.tsx": {"lines":{"total":9,"covered":6,"skipped":0,"pct":66.66},"functions":{"total":4,"covered":3,"skipped":0,"pct":75},"statements":{"total":9,"covered":6,"skipped":0,"pct":66.66},"branches":{"total":3,"covered":1,"skipped":0,"pct":33.33}}
,"D:/НАСТЯ/Java Script/Stage 3/Components/React_3s/src/components/ImagesCardList.test.tsx": {"lines":{"total":0,"covered":0,"skipped":0,"pct":0},"functions":{"total":0,"covered":0,"skipped":0,"pct":0},"statements":{"total":0,"covered":0,"skipped":0,"pct":0},"branches":{"total":0,"covered":0,"skipped":0,"pct":0}}
,"D:/НАСТЯ/Java Script/Stage 3/Components/React_3s/src/components/ImagesCardList.tsx": {"lines":{"total":7,"covered":4,"skipped":0,"pct":57.14},"functions":{"total":4,"covered":0,"skipped":0,"pct":0},"statements":{"total":11,"covered":4,"skipped":0,"pct":36.36},"branches":{"total":7,"covered":0,"skipped":0,"pct":0}}
,"D:/НАСТЯ/Java Script/Stage 3/Components/React_3s/src/components/Layout.tsx": {"lines":{"total":4,"covered":4,"skipped":0,"pct":100},"functions":{"total":2,"covered":2,"skipped":0,"pct":100},"statements":{"total":4,"covered":4,"skipped":0,"pct":100},"branches":{"total":1,"covered":1,"skipped":0,"pct":100}}
,"D:/НАСТЯ/Java Script/Stage 3/Components/React_3s/src/components/Modal.test.tsx": {"lines":{"total":0,"covered":0,"skipped":0,"pct":0},"functions":{"total":0,"covered":0,"skipped":0,"pct":0},"statements":{"total":0,"covered":0,"skipped":0,"pct":0},"branches":{"total":0,"covered":0,"skipped":0,"pct":0}}
,"D:/НАСТЯ/Java Script/Stage 3/Components/React_3s/src/components/Modal.tsx": {"lines":{"total":6,"covered":4,"skipped":0,"pct":66.66},"functions":{"total":3,"covered":1,"skipped":0,"pct":33.33},"statements":{"total":6,"covered":4,"skipped":0,"pct":66.66},"branches":{"total":11,"covered":1,"skipped":0,"pct":9.09}}
,"D:/НАСТЯ/Java Script/Stage 3/Components/React_3s/src/components/Preloader.tsx": {"lines":{"total":5,"covered":4,"skipped":0,"pct":80},"functions":{"total":2,"covered":1,"skipped":0,"pct":50},"statements":{"total":5,"covered":4,"skipped":0,"pct":80},"branches":{"total":1,"covered":1,"skipped":0,"pct":100}}
,"D:/НАСТЯ/Java Script/Stage 3/Components/React_3s/src/components/SearchBar.test.tsx": {"lines":{"total":0,"covered":0,"skipped":0,"pct":0},"functions":{"total":0,"covered":0,"skipped":0,"pct":0},"statements":{"total":0,"covered":0,"skipped":0,"pct":0},"branches":{"total":0,"covered":0,"skipped":0,"pct":0}}
,"D:/НАСТЯ/Java Script/Stage 3/Components/React_3s/src/components/SearchBar.tsx": {"lines":{"total":14,"covered":4,"skipped":0,"pct":28.57},"functions":{"total":7,"covered":0,"skipped":0,"pct":0},"statements":{"total":18,"covered":4,"skipped":0,"pct":22.22},"branches":{"total":1,"covered":0,"skipped":0,"pct":0}}
,"D:/НАСТЯ/Java Script/Stage 3/Components/React_3s/src/components/Tag.test.tsx": {"lines":{"total":0,"covered":0,"skipped":0,"pct":0},"functions":{"total":0,"covered":0,"skipped":0,"pct":0},"statements":{"total":0,"covered":0,"skipped":0,"pct":0},"branches":{"total":0,"covered":0,"skipped":0,"pct":0}}
,"D:/НАСТЯ/Java Script/Stage 3/Components/React_3s/src/components/Tag.tsx": {"lines":{"total":5,"covered":4,"skipped":0,"pct":80},"functions":{"total":2,"covered":1,"skipped":0,"pct":50},"statements":{"total":5,"covered":4,"skipped":0,"pct":80},"branches":{"total":1,"covered":1,"skipped":0,"pct":100}}
,"D:/НАСТЯ/Java Script/Stage 3/Components/React_3s/src/pages/About.tsx": {"lines":{"total":4,"covered":3,"skipped":0,"pct":75},"functions":{"total":2,"covered":1,"skipped":0,"pct":50},"statements":{"total":4,"covered":3,"skipped":0,"pct":75},"branches":{"total":1,"covered":1,"skipped":0,"pct":100}}
,"D:/НАСТЯ/Java Script/Stage 3/Components/React_3s/src/pages/ErrorPage.tsx": {"lines":{"total":4,"covered":3,"skipped":0,"pct":75},"functions":{"total":2,"covered":1,"skipped":0,"pct":50},"statements":{"total":4,"covered":3,"skipped":0,"pct":75},"branches":{"total":1,"covered":1,"skipped":0,"pct":100}}
,"D:/НАСТЯ/Java Script/Stage 3/Components/React_3s/src/pages/Form.test.tsx": {"lines":{"total":0,"covered":0,"skipped":0,"pct":0},"functions":{"total":0,"covered":0,"skipped":0,"pct":0},"statements":{"total":0,"covered":0,"skipped":0,"pct":0},"branches":{"total":0,"covered":0,"skipped":0,"pct":0}}
,"D:/НАСТЯ/Java Script/Stage 3/Components/React_3s/src/pages/Form.tsx": {"lines":{"total":20,"covered":12,"skipped":0,"pct":60},"functions":{"total":7,"covered":6,"skipped":0,"pct":85.71},"statements":{"total":23,"covered":15,"skipped":0,"pct":65.21},"branches":{"total":14,"covered":7,"skipped":0,"pct":50}}
,"D:/НАСТЯ/Java Script/Stage 3/Components/React_3s/src/pages/Main.tsx": {"lines":{"total":5,"covered":4,"skipped":0,"pct":80},"functions":{"total":2,"covered":1,"skipped":0,"pct":50},"statements":{"total":5,"covered":4,"skipped":0,"pct":80},"branches":{"total":1,"covered":1,"skipped":0,"pct":100}}
,"D:/НАСТЯ/Java Script/Stage 3/Components/React_3s/src/redux/ImageSlice.tsx": {"lines":{"total":3,"covered":2,"skipped":0,"pct":66.66},"functions":{"total":1,"covered":0,"skipped":0,"pct":0},"statements":{"total":3,"covered":2,"skipped":0,"pct":66.66},"branches":{"total":0,"covered":0,"skipped":0,"pct":100}}
,"D:/НАСТЯ/Java Script/Stage 3/Components/React_3s/src/redux/formSlice.tsx": {"lines":{"total":3,"covered":2,"skipped":0,"pct":66.66},"functions":{"total":1,"covered":0,"skipped":0,"pct":0},"statements":{"total":3,"covered":2,"skipped":0,"pct":66.66},"branches":{"total":0,"covered":0,"skipped":0,"pct":100}}
,"D:/НАСТЯ/Java Script/Stage 3/Components/React_3s/src/redux/store.tsx": {"lines":{"total":2,"covered":2,"skipped":0,"pct":100},"functions":{"total":1,"covered":1,"skipped":0,"pct":100},"statements":{"total":2,"covered":2,"skipped":0,"pct":100},"branches":{"total":0,"covered":0,"skipped":0,"pct":100}}
,"D:/НАСТЯ/Java Script/Stage 3/Components/React_3s/src/services/api.tsx": {"lines":{"total":7,"covered":5,"skipped":0,"pct":71.42},"functions":{"total":3,"covered":1,"skipped":0,"pct":33.33},"statements":{"total":7,"covered":5,"skipped":0,"pct":71.42},"branches":{"total":4,"covered":0,"skipped":0,"pct":0}}
,"D:/НАСТЯ/Java Script/Stage 3/Components/React_3s/src/types/IImages.tsx": {"lines":{"total":0,"covered":0,"skipped":0,"pct":0},"functions":{"total":0,"covered":0,"skipped":0,"pct":0},"statements":{"total":0,"covered":0,"skipped":0,"pct":0},"branches":{"total":0,"covered":0,"skipped":0,"pct":0}}
,"D:/НАСТЯ/Java Script/Stage 3/Components/React_3s/src/types/card_type.tsx": {"lines":{"total":0,"covered":0,"skipped":0,"pct":0},"functions":{"total":0,"covered":0,"skipped":0,"pct":0},"statements":{"total":0,"covered":0,"skipped":0,"pct":0},"branches":{"total":0,"covered":0,"skipped":0,"pct":0}}
,"D:/НАСТЯ/Java Script/Stage 3/Components/React_3s/src/types/form_type.tsx": {"lines":{"total":0,"covered":0,"skipped":0,"pct":0},"functions":{"total":0,"covered":0,"skipped":0,"pct":0},"statements":{"total":0,"covered":0,"skipped":0,"pct":0},"branches":{"total":0,"covered":0,"skipped":0,"pct":0}}
}
