{"/Users/anastasia/Desktop/Dev/Stage3/src/components/CardForm.tsx": {"path":"/Users/anastasia/Desktop/Dev/Stage3/src/components/CardForm.tsx","statementMap":{"0":{"start":{"line":13,"column":38},"end":{"line":23,"column":1}},"1":{"start":{"line":14,"column":2},"end":{"line":22,"column":4}}},"fnMap":{"0":{"name":"(anonymous_0)","decl":{"start":{"line":13,"column":38},"end":{"line":13,"column":39}},"loc":{"start":{"line":13,"column":89},"end":{"line":23,"column":1}},"line":13}},"branchMap":{},"s":{"0":1,"1":5},"f":{"0":5},"b":{},"_coverageSchema":"1a1c01bbd47fc00a2c39e90264f33305004495a9","hash":"0b34a703f48b796c39246028756043834ef7de4d"}
,"/Users/anastasia/Desktop/Dev/Stage3/src/components/CardImage.tsx": {"path":"/Users/anastasia/Desktop/Dev/Stage3/src/components/CardImage.tsx","statementMap":{"0":{"start":{"line":9,"column":39},"end":{"line":19,"column":1}},"1":{"start":{"line":10,"column":2},"end":{"line":18,"column":4}}},"fnMap":{"0":{"name":"(anonymous_0)","decl":{"start":{"line":9,"column":39},"end":{"line":9,"column":40}},"loc":{"start":{"line":9,"column":64},"end":{"line":19,"column":1}},"line":9}},"branchMap":{"0":{"loc":{"start":{"line":12,"column":7},"end":{"line":13,"column":99}},"type":"binary-expr","locations":[{"start":{"line":12,"column":7},"end":{"line":12,"column":25}},{"start":{"line":13,"column":9},"end":{"line":13,"column":30}},{"start":{"line":13,"column":34},"end":{"line":13,"column":98}}],"line":12},"1":{"loc":{"start":{"line":14,"column":7},"end":{"line":16,"column":7}},"type":"binary-expr","locations":[{"start":{"line":14,"column":7},"end":{"line":14,"column":25}},{"start":{"line":14,"column":29},"end":{"line":14,"column":52}},{"start":{"line":15,"column":8},"end":{"line":15,"column":90}}],"line":14}},"s":{"0":2,"1":6},"f":{"0":6},"b":{"0":[6,6,1],"1":[6,6,0]},"_coverageSchema":"1a1c01bbd47fc00a2c39e90264f33305004495a9","hash":"3ee18922ab56db2a6145f11128684040d912c473"}
,"/Users/anastasia/Desktop/Dev/Stage3/src/components/CardInfo.tsx": {"path":"/Users/anastasia/Desktop/Dev/Stage3/src/components/CardInfo.tsx","statementMap":{"0":{"start":{"line":11,"column":38},"end":{"line":23,"column":1}},"1":{"start":{"line":12,"column":2},"end":{"line":22,"column":4}}},"fnMap":{"0":{"name":"(anonymous_0)","decl":{"start":{"line":11,"column":38},"end":{"line":11,"column":39}},"loc":{"start":{"line":11,"column":77},"end":{"line":23,"column":1}},"line":11}},"branchMap":{},"s":{"0":1,"1":5},"f":{"0":5},"b":{},"_coverageSchema":"1a1c01bbd47fc00a2c39e90264f33305004495a9","hash":"733c14b6c406bc4da3de2bee6946673464fa4c36"}
,"/Users/anastasia/Desktop/Dev/Stage3/src/components/Footer.tsx": {"path":"/Users/anastasia/Desktop/Dev/Stage3/src/components/Footer.tsx","statementMap":{"0":{"start":{"line":4,"column":2},"end":{"line":16,"column":4}}},"fnMap":{"0":{"name":"Footer","decl":{"start":{"line":3,"column":24},"end":{"line":3,"column":30}},"loc":{"start":{"line":3,"column":33},"end":{"line":17,"column":1}},"line":3}},"branchMap":{},"s":{"0":1},"f":{"0":1},"b":{},"_coverageSchema":"1a1c01bbd47fc00a2c39e90264f33305004495a9","hash":"1732d7be0b1e198e1d2bcad691571e0b5ba5d669"}
,"/Users/anastasia/Desktop/Dev/Stage3/src/components/SearchBar.tsx": {"path":"/Users/anastasia/Desktop/Dev/Stage3/src/components/SearchBar.tsx","statementMap":{"0":{"start":{"line":9,"column":46},"end":{"line":25,"column":1}},"1":{"start":{"line":10,"column":2},"end":{"line":24,"column":4}}},"fnMap":{"0":{"name":"(anonymous_0)","decl":{"start":{"line":9,"column":46},"end":{"line":9,"column":47}},"loc":{"start":{"line":9,"column":81},"end":{"line":25,"column":1}},"line":9}},"branchMap":{},"s":{"0":1,"1":2},"f":{"0":2},"b":{},"_coverageSchema":"1a1c01bbd47fc00a2c39e90264f33305004495a9","hash":"a9e56b70e4f89efcc1d77d64cb31678c0588293b"}
}
