{"D:\\НАСТЯ\\Java Script\\Stage 3\\ReactComponents\\React\\vite-project\\src\\components\\Footer.tsx": {"path":"D:\\НАСТЯ\\Java Script\\Stage 3\\ReactComponents\\React\\vite-project\\src\\components\\Footer.tsx","statementMap":{"0":{"start":{"line":5,"column":4},"end":{"line":17,"column":6}}},"fnMap":{"0":{"name":"(anonymous_0)","decl":{"start":{"line":4,"column":2},"end":{"line":4,"column":3}},"loc":{"start":{"line":4,"column":11},"end":{"line":18,"column":3}},"line":4}},"branchMap":{},"s":{"0":1},"f":{"0":1},"b":{},"_coverageSchema":"1a1c01bbd47fc00a2c39e90264f33305004495a9","hash":"8d8de0eef5e9deaf1caa83fbf545b92a0a8cf814"}
}
