TN:
SF:src\App.tsx
FNF:0
FNH:0
LF:0
LH:0
BRF:0
BRH:0
end_of_record
TN:
SF:src\AppRouter.tsx
FN:1,(anonymous_0)
FN:12,(anonymous_1)
FNF:2
FNH:2
FNDA:1,(anonymous_0)
FNDA:1,(anonymous_1)
DA:1,7
DA:12,1
DA:13,1
DA:35,1
DA:37,1
LF:5
LH:5
BRDA:1,0,0,1
BRF:1
BRH:1
end_of_record
TN:
SF:src\cards_data.tsx
FNF:0
FNH:0
LF:0
LH:0
BRF:0
BRH:0
end_of_record
TN:
SF:src\entry-client.tsx
FNF:0
FNH:0
DA:8,1
LF:1
LH:1
BRF:0
BRH:0
end_of_record
TN:
SF:src\entry-server.tsx
FNF:0
FNH:0
LF:0
LH:0
BRF:0
BRH:0
end_of_record
TN:
SF:src\main.tsx
FNF:0
FNH:0
LF:0
LH:0
BRF:0
BRH:0
end_of_record
TN:
SF:src\components\Card.test.tsx
FNF:0
FNH:0
LF:0
LH:0
BRF:0
BRH:0
end_of_record
TN:
SF:src\components\Card.tsx
FN:12,(anonymous_1)
FN:15,(anonymous_2)
FN:19,(anonymous_3)
FNF:3
FNH:0
FNDA:0,(anonymous_1)
FNDA:0,(anonymous_2)
FNDA:0,(anonymous_3)
DA:12,1
DA:13,0
DA:15,0
DA:16,0
DA:19,0
DA:20,0
DA:23,0
DA:42,1
DA:44,1
LF:9
LH:3
BRDA:27,0,0,0
BRDA:27,0,1,0
BRDA:32,1,0,0
BRDA:32,1,1,0
BRF:4
BRH:0
end_of_record
TN:
SF:src\components\CardImage.test.tsx
FNF:0
FNH:0
LF:0
LH:0
BRF:0
BRH:0
end_of_record
TN:
SF:src\components\CardImage.tsx
FN:1,(anonymous_0)
FN:10,(anonymous_1)
FNF:2
FNH:1
FNDA:1,(anonymous_0)
FNDA:0,(anonymous_1)
DA:1,7
DA:10,1
DA:11,0
DA:23,1
DA:25,1
LF:5
LH:4
BRDA:1,0,0,1
BRDA:13,1,0,0
BRDA:13,1,1,0
BRDA:13,1,2,0
BRDA:15,2,0,0
BRDA:15,2,1,0
BRDA:15,2,2,0
BRDA:18,3,0,0
BRDA:18,3,1,0
BRDA:18,3,2,0
BRF:10
BRH:1
end_of_record
TN:
SF:src\components\CardInfo.test.tsx
FNF:0
FNH:0
LF:0
LH:0
BRF:0
BRH:0
end_of_record
TN:
SF:src\components\CardInfo.tsx
FN:1,(anonymous_0)
FN:11,(anonymous_1)
FNF:2
FNH:1
FNDA:1,(anonymous_0)
FNDA:0,(anonymous_1)
DA:1,7
DA:11,1
DA:12,0
DA:32,1
DA:34,1
LF:5
LH:4
BRDA:1,0,0,1
BRDA:14,1,0,0
BRDA:14,1,1,0
BRDA:20,2,0,0
BRDA:20,2,1,0
BRDA:20,2,2,0
BRF:6
BRH:1
end_of_record
TN:
SF:src\components\CardsList.tsx
FN:16,(anonymous_1)
FN:17,(anonymous_2)
FN:21,(anonymous_3)
FN:16,(anonymous_4)
FNF:4
FNH:0
FNDA:0,(anonymous_1)
FNDA:0,(anonymous_2)
FNDA:0,(anonymous_3)
FNDA:0,(anonymous_4)
DA:16,1
DA:17,1
DA:19,0
DA:22,0
DA:32,1
DA:34,1
LF:6
LH:4
BRF:0
BRH:0
end_of_record
TN:
SF:src\components\Footer.test.tsx
FNF:0
FNH:0
LF:0
LH:0
BRF:0
BRH:0
end_of_record
TN:
SF:src\components\Footer.tsx
FN:1,(anonymous_0)
FN:3,Footer
FNF:2
FNH:2
FNDA:1,(anonymous_0)
FNDA:1,Footer
DA:1,7
DA:3,1
DA:4,1
DA:17,1
LF:4
LH:4
BRDA:1,0,0,1
BRF:1
BRH:1
end_of_record
TN:
SF:src\components\Header.tsx
FN:10,(anonymous_0)
FN:22,(anonymous_1)
FN:31,(anonymous_2)
FN:42,(anonymous_3)
FNF:4
FNH:3
FNDA:1,(anonymous_0)
FNDA:0,(anonymous_1)
FNDA:1,(anonymous_2)
FNDA:3,(anonymous_3)
DA:11,1
DA:12,1
DA:22,1
DA:23,0
DA:24,0
DA:25,0
DA:32,1
DA:33,1
DA:43,3
LF:9
LH:6
BRDA:24,0,0,0
BRDA:47,1,0,0
BRDA:47,1,1,3
BRF:3
BRH:1
end_of_record
TN:
SF:src\components\ImagesCardList.test.tsx
FNF:0
FNH:0
LF:0
LH:0
BRF:0
BRH:0
end_of_record
TN:
SF:src\components\ImagesCardList.tsx
FN:9,(anonymous_1)
FN:10,(anonymous_2)
FN:19,(anonymous_3)
FN:9,(anonymous_4)
FNF:4
FNH:0
FNDA:0,(anonymous_1)
FNDA:0,(anonymous_2)
FNDA:0,(anonymous_3)
FNDA:0,(anonymous_4)
DA:9,1
DA:10,0
DA:11,1
DA:13,0
DA:20,0
DA:25,1
DA:27,1
LF:7
LH:4
BRDA:11,0,0,0
BRDA:11,0,1,0
BRDA:16,1,0,0
BRDA:16,1,1,0
BRDA:17,2,0,0
BRDA:17,2,1,0
BRDA:17,2,2,0
BRF:7
BRH:0
end_of_record
TN:
SF:src\components\Layout.tsx
FN:1,(anonymous_0)
FN:9,Layout
FNF:2
FNH:2
FNDA:1,(anonymous_0)
FNDA:1,Layout
DA:1,7
DA:9,1
DA:10,1
DA:17,1
LF:4
LH:4
BRDA:1,0,0,1
BRF:1
BRH:1
end_of_record
TN:
SF:src\components\Modal.test.tsx
FNF:0
FNH:0
LF:0
LH:0
BRF:0
BRH:0
end_of_record
TN:
SF:src\components\Modal.tsx
FN:1,(anonymous_0)
FN:11,(anonymous_1)
FN:52,(anonymous_2)
FNF:3
FNH:1
FNDA:1,(anonymous_0)
FNDA:0,(anonymous_1)
FNDA:0,(anonymous_2)
DA:1,7
DA:11,1
DA:12,0
DA:53,0
DA:98,1
DA:100,1
LF:6
LH:4
BRDA:1,0,0,1
BRDA:14,1,0,0
BRDA:14,1,1,0
BRDA:30,2,0,0
BRDA:30,2,1,0
BRDA:35,3,0,0
BRDA:35,3,1,0
BRDA:74,4,0,0
BRDA:74,4,1,0
BRDA:80,5,0,0
BRDA:80,5,1,0
BRF:11
BRH:1
end_of_record
TN:
SF:src\components\Preloader.tsx
FN:1,(anonymous_0)
FN:3,(anonymous_1)
FNF:2
FNH:1
FNDA:1,(anonymous_0)
FNDA:0,(anonymous_1)
DA:1,7
DA:3,1
DA:4,0
DA:12,1
DA:14,1
LF:5
LH:4
BRDA:1,0,0,1
BRF:1
BRH:1
end_of_record
TN:
SF:src\components\SearchBar.test.tsx
FNF:0
FNH:0
LF:0
LH:0
BRF:0
BRH:0
end_of_record
TN:
SF:src\components\SearchBar.tsx
FN:6,(anonymous_1)
FN:7,(anonymous_2)
FN:11,(anonymous_3)
FN:17,(anonymous_4)
FN:26,(anonymous_5)
FN:29,(anonymous_6)
FN:6,(anonymous_7)
FNF:7
FNH:0
FNDA:0,(anonymous_1)
FNDA:0,(anonymous_2)
FNDA:0,(anonymous_3)
FNDA:0,(anonymous_4)
FNDA:0,(anonymous_5)
FNDA:0,(anonymous_6)
FNDA:0,(anonymous_7)
DA:6,1
DA:7,0
DA:8,0
DA:9,1
DA:11,0
DA:12,0
DA:13,0
DA:17,0
DA:18,0
DA:21,0
DA:27,0
DA:30,0
DA:39,1
DA:41,1
LF:14
LH:4
BRDA:12,0,0,0
BRF:1
BRH:0
end_of_record
TN:
SF:src\components\Tag.test.tsx
FNF:0
FNH:0
LF:0
LH:0
BRF:0
BRH:0
end_of_record
TN:
SF:src\components\Tag.tsx
FN:1,(anonymous_0)
FN:9,(anonymous_1)
FNF:2
FNH:1
FNDA:1,(anonymous_0)
FNDA:0,(anonymous_1)
DA:1,7
DA:9,1
DA:10,0
DA:17,1
DA:19,1
LF:5
LH:4
BRDA:1,0,0,1
BRF:1
BRH:1
end_of_record
TN:
SF:src\pages\About.tsx
FN:1,(anonymous_0)
FN:3,About
FNF:2
FNH:2
FNDA:1,(anonymous_0)
FNDA:1,About
DA:1,7
DA:3,1
DA:4,1
DA:12,1
LF:4
LH:4
BRDA:1,0,0,1
BRF:1
BRH:1
end_of_record
TN:
SF:src\pages\ErrorPage.tsx
FN:1,(anonymous_0)
FN:3,ErrorPage
FNF:2
FNH:1
FNDA:1,(anonymous_0)
FNDA:0,ErrorPage
DA:1,7
DA:3,1
DA:4,0
DA:11,1
LF:4
LH:3
BRDA:1,0,0,1
BRF:1
BRH:1
end_of_record
TN:
SF:src\pages\Form.test.tsx
FNF:0
FNH:0
LF:0
LH:0
BRF:0
BRH:0
end_of_record
TN:
SF:src\pages\Form.tsx
FN:18,Form
FN:30,(anonymous_2)
FN:50,(anonymous_3)
FN:108,(anonymous_4)
FN:134,(anonymous_5)
FN:205,(anonymous_6)
FN:18,(anonymous_7)
FNF:7
FNH:0
FNDA:0,Form
FNDA:0,(anonymous_2)
FNDA:0,(anonymous_3)
FNDA:0,(anonymous_4)
FNDA:0,(anonymous_5)
FNDA:0,(anonymous_6)
FNDA:0,(anonymous_7)
DA:18,1
DA:19,0
DA:20,0
DA:28,1
DA:30,0
DA:31,0
DA:32,0
DA:33,0
DA:34,0
DA:35,0
DA:36,0
DA:46,0
DA:47,0
DA:50,0
DA:51,0
DA:54,0
DA:109,0
DA:135,0
DA:206,0
DA:233,1
LF:20
LH:3
BRDA:81,0,0,0
BRDA:81,0,1,0
BRDA:97,1,0,0
BRDA:97,1,1,0
BRDA:124,2,0,0
BRDA:124,2,1,0
BRDA:144,3,0,0
BRDA:144,3,1,0
BRDA:196,4,0,0
BRDA:196,4,1,0
BRDA:218,5,0,0
BRDA:218,5,1,0
BRDA:226,6,0,0
BRDA:226,6,1,0
BRF:14
BRH:0
end_of_record
TN:
SF:src\pages\Main.tsx
FN:1,(anonymous_0)
FN:8,(anonymous_1)
FNF:2
FNH:1
FNDA:1,(anonymous_0)
FNDA:0,(anonymous_1)
DA:1,7
DA:8,1
DA:9,0
DA:17,1
DA:19,1
LF:5
LH:4
BRDA:1,0,0,1
BRF:1
BRH:1
end_of_record
TN:
SF:src\redux\ImageSlice.tsx
FN:9,(anonymous_0)
FNF:1
FNH:0
FNDA:0,(anonymous_0)
DA:3,1
DA:10,0
DA:15,1
LF:3
LH:2
BRF:0
BRH:0
end_of_record
TN:
SF:src\redux\formSlice.tsx
FN:10,(anonymous_0)
FNF:1
FNH:0
FNDA:0,(anonymous_0)
DA:4,1
DA:11,0
DA:16,1
LF:3
LH:2
BRF:0
BRH:0
end_of_record
TN:
SF:src\redux\store.tsx
FN:12,(anonymous_0)
FNF:1
FNH:1
FNDA:1,(anonymous_0)
DA:6,1
DA:12,1
LF:2
LH:2
BRF:0
BRH:0
end_of_record
TN:
SF:src\services\api.tsx
FN:16,(anonymous_0)
FN:18,(anonymous_1)
FN:24,(anonymous_2)
FNF:3
FNH:1
FNDA:1,(anonymous_0)
FNDA:0,(anonymous_1)
FNDA:0,(anonymous_2)
DA:10,1
DA:11,1
DA:13,1
DA:16,1
DA:19,0
DA:24,0
DA:29,1
LF:7
LH:5
BRDA:19,0,0,0
BRDA:19,0,1,0
BRDA:19,1,0,0
BRDA:19,1,1,0
BRF:4
BRH:0
end_of_record
TN:
SF:src\types\IImages.tsx
FNF:0
FNH:0
LF:0
LH:0
BRF:0
BRH:0
end_of_record
TN:
SF:src\types\card_type.tsx
FNF:0
FNH:0
LF:0
LH:0
BRF:0
BRH:0
end_of_record
TN:
SF:src\types\form_type.tsx
FNF:0
FNH:0
LF:0
LH:0
BRF:0
BRH:0
end_of_record
